This is pdfTeX, Version 3.141592653-2.6-1.40.22 (TeX Live 2022/dev/Debian) (preloaded format=pdflatex 2022.9.3)  13 MAR 2023 14:30
entering extended mode
 restricted \write18 enabled.
 %&-line parsing enabled.
**Resultados.tex
(./Resultados.tex
LaTeX2e <2021-11-15> patch level 1
L3 programming layer <2022-01-21>
(/usr/share/texlive/texmf-dist/tex/latex/base/article.cls
Document Class: article 2021/10/04 v1.4n Standard LaTeX document class
(/usr/share/texlive/texmf-dist/tex/latex/base/size10.clo
File: size10.clo 2021/10/04 v1.4n Standard LaTeX file (size option)
)
\c@part=\count185
\c@section=\count186
\c@subsection=\count187
\c@subsubsection=\count188
\c@paragraph=\count189
\c@subparagraph=\count190
\c@figure=\count191
\c@table=\count192
\abovecaptionskip=\skip47
\belowcaptionskip=\skip48
\bibindent=\dimen138
)
(/usr/share/texlive/texmf-dist/tex/generic/babel/babel.sty
Package: babel 2022/01/26 3.70 The Babel package
\babel@savecnt=\count193
\U@D=\dimen139
\l@unhyphenated=\language3

(/usr/share/texlive/texmf-dist/tex/generic/babel/txtbabel.def)
\bbl@readstream=\read2
\bbl@dirlevel=\count194

(/usr/share/texlive/texmf-dist/tex/generic/babel-english/english.ldf
Language: english 2017/06/06 v3.3r English support from the babel system
Package babel Info: Hyphen rules for 'british' set to \l@english
(babel)             (\language0). Reported on input line 82.
Package babel Info: Hyphen rules for 'UKenglish' set to \l@english
(babel)             (\language0). Reported on input line 83.
Package babel Info: Hyphen rules for 'canadian' set to \l@english
(babel)             (\language0). Reported on input line 102.
Package babel Info: Hyphen rules for 'australian' set to \l@english
(babel)             (\language0). Reported on input line 105.
Package babel Info: Hyphen rules for 'newzealand' set to \l@english
(babel)             (\language0). Reported on input line 108.
))
(/usr/share/texlive/texmf-dist/tex/latex/geometry/geometry.sty
Package: geometry 2020/01/02 v5.9 Page Geometry

(/usr/share/texlive/texmf-dist/tex/latex/graphics/keyval.sty
Package: keyval 2014/10/28 v1.15 key=value parser (DPC)
\KV@toks@=\toks16
)
(/usr/share/texlive/texmf-dist/tex/generic/iftex/ifvtex.sty
Package: ifvtex 2019/10/25 v1.7 ifvtex legacy package. Use iftex instead.

(/usr/share/texlive/texmf-dist/tex/generic/iftex/iftex.sty
Package: iftex 2020/03/06 v1.0d TeX engine tests
))
\Gm@cnth=\count195
\Gm@cntv=\count196
\c@Gm@tempcnt=\count197
\Gm@bindingoffset=\dimen140
\Gm@wd@mp=\dimen141
\Gm@odd@mp=\dimen142
\Gm@even@mp=\dimen143
\Gm@layoutwidth=\dimen144
\Gm@layoutheight=\dimen145
\Gm@layouthoffset=\dimen146
\Gm@layoutvoffset=\dimen147
\Gm@dimlist=\toks17
)
(/usr/share/texlive/texmf-dist/tex/latex/amsmath/amsmath.sty
Package: amsmath 2021/10/15 v2.17l AMS math features
\@mathmargin=\skip49

For additional information on amsmath, use the `?' option.
(/usr/share/texlive/texmf-dist/tex/latex/amsmath/amstext.sty
Package: amstext 2021/08/26 v2.01 AMS text

(/usr/share/texlive/texmf-dist/tex/latex/amsmath/amsgen.sty
File: amsgen.sty 1999/11/30 v2.0 generic functions
\@emptytoks=\toks18
\ex@=\dimen148
))
(/usr/share/texlive/texmf-dist/tex/latex/amsmath/amsbsy.sty
Package: amsbsy 1999/11/29 v1.2d Bold Symbols
\pmbraise@=\dimen149
)
(/usr/share/texlive/texmf-dist/tex/latex/amsmath/amsopn.sty
Package: amsopn 2021/08/26 v2.02 operator names
)
\inf@bad=\count198
LaTeX Info: Redefining \frac on input line 234.
\uproot@=\count199
\leftroot@=\count266
LaTeX Info: Redefining \overline on input line 399.
\classnum@=\count267
\DOTSCASE@=\count268
LaTeX Info: Redefining \ldots on input line 496.
LaTeX Info: Redefining \dots on input line 499.
LaTeX Info: Redefining \cdots on input line 620.
\Mathstrutbox@=\box50
\strutbox@=\box51
\big@size=\dimen150
LaTeX Font Info:    Redeclaring font encoding OML on input line 743.
LaTeX Font Info:    Redeclaring font encoding OMS on input line 744.
\macc@depth=\count269
\c@MaxMatrixCols=\count270
\dotsspace@=\muskip16
\c@parentequation=\count271
\dspbrk@lvl=\count272
\tag@help=\toks19
\row@=\count273
\column@=\count274
\maxfields@=\count275
\andhelp@=\toks20
\eqnshift@=\dimen151
\alignsep@=\dimen152
\tagshift@=\dimen153
\tagwidth@=\dimen154
\totwidth@=\dimen155
\lineht@=\dimen156
\@envbody=\toks21
\multlinegap=\skip50
\multlinetaggap=\skip51
\mathdisplay@stack=\toks22
LaTeX Info: Redefining \[ on input line 2938.
LaTeX Info: Redefining \] on input line 2939.
)
(/usr/share/texlive/texmf-dist/tex/latex/graphics/graphicx.sty
Package: graphicx 2021/09/16 v1.2d Enhanced LaTeX Graphics (DPC,SPQR)

(/usr/share/texlive/texmf-dist/tex/latex/graphics/graphics.sty
Package: graphics 2021/03/04 v1.4d Standard LaTeX Graphics (DPC,SPQR)

(/usr/share/texlive/texmf-dist/tex/latex/graphics/trig.sty
Package: trig 2021/08/11 v1.11 sin cos tan (DPC)
)
(/usr/share/texlive/texmf-dist/tex/latex/graphics-cfg/graphics.cfg
File: graphics.cfg 2016/06/04 v1.11 sample graphics configuration
)
Package graphics Info: Driver file: pdftex.def on input line 107.

(/usr/share/texlive/texmf-dist/tex/latex/graphics-def/pdftex.def
File: pdftex.def 2020/10/05 v1.2a Graphics/color driver for pdftex
))
\Gin@req@height=\dimen157
\Gin@req@width=\dimen158
)
(/usr/share/texlive/texmf-dist/tex/latex/hyperref/hyperref.sty
Package: hyperref 2021-06-07 v7.00m Hypertext links for LaTeX

(/usr/share/texlive/texmf-dist/tex/generic/ltxcmds/ltxcmds.sty
Package: ltxcmds 2020-05-10 v1.25 LaTeX kernel commands for general use (HO)
)
(/usr/share/texlive/texmf-dist/tex/generic/pdftexcmds/pdftexcmds.sty
Package: pdftexcmds 2020-06-27 v0.33 Utility functions of pdfTeX for LuaTeX (HO
)

(/usr/share/texlive/texmf-dist/tex/generic/infwarerr/infwarerr.sty
Package: infwarerr 2019/12/03 v1.5 Providing info/warning/error messages (HO)
)
Package pdftexcmds Info: \pdf@primitive is available.
Package pdftexcmds Info: \pdf@ifprimitive is available.
Package pdftexcmds Info: \pdfdraftmode found.
)
(/usr/share/texlive/texmf-dist/tex/generic/kvsetkeys/kvsetkeys.sty
Package: kvsetkeys 2019/12/15 v1.18 Key value parser (HO)
)
(/usr/share/texlive/texmf-dist/tex/generic/kvdefinekeys/kvdefinekeys.sty
Package: kvdefinekeys 2019-12-19 v1.6 Define keys (HO)
)
(/usr/share/texlive/texmf-dist/tex/generic/pdfescape/pdfescape.sty
Package: pdfescape 2019/12/09 v1.15 Implements pdfTeX's escape features (HO)
)
(/usr/share/texlive/texmf-dist/tex/latex/hycolor/hycolor.sty
Package: hycolor 2020-01-27 v1.10 Color options for hyperref/bookmark (HO)
)
(/usr/share/texlive/texmf-dist/tex/latex/letltxmacro/letltxmacro.sty
Package: letltxmacro 2019/12/03 v1.6 Let assignment for LaTeX macros (HO)
)
(/usr/share/texlive/texmf-dist/tex/latex/auxhook/auxhook.sty
Package: auxhook 2019-12-17 v1.6 Hooks for auxiliary files (HO)
)
(/usr/share/texlive/texmf-dist/tex/latex/kvoptions/kvoptions.sty
Package: kvoptions 2020-10-07 v3.14 Key value format for package options (HO)
)
\@linkdim=\dimen159
\Hy@linkcounter=\count276
\Hy@pagecounter=\count277

(/usr/share/texlive/texmf-dist/tex/latex/hyperref/pd1enc.def
File: pd1enc.def 2021-06-07 v7.00m Hyperref: PDFDocEncoding definition (HO)
Now handling font encoding PD1 ...
... no UTF-8 mapping file for font encoding PD1
)
(/usr/share/texlive/texmf-dist/tex/latex/hyperref/hyperref-langpatches.def
File: hyperref-langpatches.def 2021-06-07 v7.00m Hyperref: patches for babel la
nguages
)
(/usr/share/texlive/texmf-dist/tex/generic/intcalc/intcalc.sty
Package: intcalc 2019/12/15 v1.3 Expandable calculations with integers (HO)
)
(/usr/share/texlive/texmf-dist/tex/generic/etexcmds/etexcmds.sty
Package: etexcmds 2019/12/15 v1.7 Avoid name clashes with e-TeX commands (HO)
)
\Hy@SavedSpaceFactor=\count278

(/usr/share/texlive/texmf-dist/tex/latex/hyperref/puenc.def
File: puenc.def 2021-06-07 v7.00m Hyperref: PDF Unicode definition (HO)
Now handling font encoding PU ...
... no UTF-8 mapping file for font encoding PU
)
Package hyperref Info: Option `colorlinks' set `true' on input line 4073.
Package hyperref Info: Hyper figures OFF on input line 4192.
Package hyperref Info: Link nesting OFF on input line 4197.
Package hyperref Info: Hyper index ON on input line 4200.
Package hyperref Info: Plain pages OFF on input line 4207.
Package hyperref Info: Backreferencing OFF on input line 4212.
Package hyperref Info: Implicit mode ON; LaTeX internals redefined.
Package hyperref Info: Bookmarks ON on input line 4445.
\c@Hy@tempcnt=\count279

(/usr/share/texlive/texmf-dist/tex/latex/url/url.sty
\Urlmuskip=\muskip17
Package: url 2013/09/16  ver 3.4  Verb mode for urls, etc.
)
LaTeX Info: Redefining \url on input line 4804.
\XeTeXLinkMargin=\dimen160

(/usr/share/texlive/texmf-dist/tex/generic/bitset/bitset.sty
Package: bitset 2019/12/09 v1.3 Handle bit-vector datatype (HO)

(/usr/share/texlive/texmf-dist/tex/generic/bigintcalc/bigintcalc.sty
Package: bigintcalc 2019/12/15 v1.5 Expandable calculations on big integers (HO
)
))
\Fld@menulength=\count280
\Field@Width=\dimen161
\Fld@charsize=\dimen162
Package hyperref Info: Hyper figures OFF on input line 6076.
Package hyperref Info: Link nesting OFF on input line 6081.
Package hyperref Info: Hyper index ON on input line 6084.
Package hyperref Info: backreferencing OFF on input line 6091.
Package hyperref Info: Link coloring ON on input line 6094.
Package hyperref Info: Link coloring with OCG OFF on input line 6101.
Package hyperref Info: PDF/A mode OFF on input line 6106.
LaTeX Info: Redefining \ref on input line 6146.
LaTeX Info: Redefining \pageref on input line 6150.

(/usr/share/texlive/texmf-dist/tex/latex/base/atbegshi-ltx.sty
Package: atbegshi-ltx 2021/01/10 v1.0c Emulation of the original atbegshi
package with kernel methods
)
\Hy@abspage=\count281
\c@Item=\count282
\c@Hfootnote=\count283
)
Package hyperref Info: Driver (autodetected): hpdftex.

(/usr/share/texlive/texmf-dist/tex/latex/hyperref/hpdftex.def
File: hpdftex.def 2021-06-07 v7.00m Hyperref driver for pdfTeX

(/usr/share/texlive/texmf-dist/tex/latex/base/atveryend-ltx.sty
Package: atveryend-ltx 2020/08/19 v1.0a Emulation of the original atveryend pac
kage
with kernel methods
)
\Fld@listcount=\count284
\c@bookmark@seq@number=\count285

(/usr/share/texlive/texmf-dist/tex/latex/rerunfilecheck/rerunfilecheck.sty
Package: rerunfilecheck 2019/12/05 v1.9 Rerun checks for auxiliary files (HO)

(/usr/share/texlive/texmf-dist/tex/generic/uniquecounter/uniquecounter.sty
Package: uniquecounter 2019/12/15 v1.4 Provide unlimited unique counter (HO)
)
Package uniquecounter Info: New unique counter `rerunfilecheck' on input line 2
86.
)
\Hy@SectionHShift=\skip52
)
(/usr/share/texlive/texmf-dist/tex/latex/l3backend/l3backend-pdftex.def
File: l3backend-pdftex.def 2022-01-12 L3 backend support: PDF output (pdfTeX)
\l__color_backend_stack_int=\count286
\l__pdf_internal_box=\box52
)
No file Resultados.aux.
\openout1 = `Resultados.aux'.

LaTeX Font Info:    Checking defaults for OML/cmm/m/it on input line 18.
LaTeX Font Info:    ... okay on input line 18.
LaTeX Font Info:    Checking defaults for OMS/cmsy/m/n on input line 18.
LaTeX Font Info:    ... okay on input line 18.
LaTeX Font Info:    Checking defaults for OT1/cmr/m/n on input line 18.
LaTeX Font Info:    ... okay on input line 18.
LaTeX Font Info:    Checking defaults for T1/cmr/m/n on input line 18.
LaTeX Font Info:    ... okay on input line 18.
LaTeX Font Info:    Checking defaults for TS1/cmr/m/n on input line 18.
LaTeX Font Info:    ... okay on input line 18.
LaTeX Font Info:    Checking defaults for OMX/cmex/m/n on input line 18.
LaTeX Font Info:    ... okay on input line 18.
LaTeX Font Info:    Checking defaults for U/cmr/m/n on input line 18.
LaTeX Font Info:    ... okay on input line 18.
LaTeX Font Info:    Checking defaults for PD1/pdf/m/n on input line 18.
LaTeX Font Info:    ... okay on input line 18.
LaTeX Font Info:    Checking defaults for PU/pdf/m/n on input line 18.
LaTeX Font Info:    ... okay on input line 18.
*geometry* driver: auto-detecting
*geometry* detected driver: pdftex
*geometry* verbose mode - [ preamble ] result:
* driver: pdftex
* paper: letterpaper
* layout: <same size as paper>
* layoutoffset:(h,v)=(0.0pt,0.0pt)
* modes: 
* h-part:(L,W,R)=(85.35826pt, 443.57848pt, 85.35826pt)
* v-part:(T,H,B)=(56.9055pt, 681.15898pt, 56.9055pt)
* \paperwidth=614.295pt
* \paperheight=794.96999pt
* \textwidth=443.57848pt
* \textheight=681.15898pt
* \oddsidemargin=13.08827pt
* \evensidemargin=13.08827pt
* \topmargin=-52.36449pt
* \headheight=12.0pt
* \headsep=25.0pt
* \topskip=10.0pt
* \footskip=30.0pt
* \marginparwidth=49.79231pt
* \marginparsep=11.0pt
* \columnsep=10.0pt
* \skip\footins=9.0pt plus 4.0pt minus 2.0pt
* \hoffset=0.0pt
* \voffset=0.0pt
* \mag=1000
* \@twocolumnfalse
* \@twosidefalse
* \@mparswitchfalse
* \@reversemarginfalse
* (1in=72.27pt=25.4mm, 1cm=28.453pt)

(/usr/share/texlive/texmf-dist/tex/context/base/mkii/supp-pdf.mkii
[Loading MPS to PDF converter (version 2006.09.02).]
\scratchcounter=\count287
\scratchdimen=\dimen163
\scratchbox=\box53
\nofMPsegments=\count288
\nofMParguments=\count289
\everyMPshowfont=\toks23
\MPscratchCnt=\count290
\MPscratchDim=\dimen164
\MPnumerator=\count291
\makeMPintoPDFobject=\count292
\everyMPtoPDFconversion=\toks24
) (/usr/share/texlive/texmf-dist/tex/latex/epstopdf-pkg/epstopdf-base.sty
Package: epstopdf-base 2020-01-24 v2.11 Base part for package epstopdf
Package epstopdf-base Info: Redefining graphics rule for `.eps' on input line 4
85.

(/usr/share/texlive/texmf-dist/tex/latex/latexconfig/epstopdf-sys.cfg
File: epstopdf-sys.cfg 2010/07/13 v1.3 Configuration of (r)epstopdf for TeX Liv
e
))
(/usr/share/texlive/texmf-dist/tex/latex/graphics/color.sty
Package: color 2021/12/07 v1.3c Standard LaTeX Color (DPC)

(/usr/share/texlive/texmf-dist/tex/latex/graphics-cfg/color.cfg
File: color.cfg 2016/01/02 v1.6 sample color configuration
)
Package color Info: Driver file: pdftex.def on input line 149.
)
Package hyperref Info: Link coloring ON on input line 18.

(/usr/share/texlive/texmf-dist/tex/latex/hyperref/nameref.sty
Package: nameref 2021-04-02 v2.47 Cross-referencing by name of section

(/usr/share/texlive/texmf-dist/tex/latex/refcount/refcount.sty
Package: refcount 2019/12/15 v3.6 Data extraction from label references (HO)
)
(/usr/share/texlive/texmf-dist/tex/generic/gettitlestring/gettitlestring.sty
Package: gettitlestring 2019/12/15 v1.6 Cleanup title references (HO)
)
\c@section@level=\count293
)
LaTeX Info: Redefining \ref on input line 18.
LaTeX Info: Redefining \pageref on input line 18.
LaTeX Info: Redefining \nameref on input line 18.
\@outlinefile=\write3
\openout3 = `Resultados.out'.



LaTeX Warning: File `gciNSGA3wfg2hv.png' not found on input line 20.


! Package pdftex.def Error: File `gciNSGA3wfg2hv.png' not found: using draft se
tting.

See the pdftex.def package documentation for explanation.
Type  H <return>  for immediate help.
 ...                                              
                                                  
l.20 	\includegraphics{gciNSGA3wfg2hv.png}
                                          
Try typing  <return>  to proceed.
If that doesn't work, type  X <return>  to quit.


LaTeX Warning: File `TopOnehv.pdf' not found on input line 21.


! Package pdftex.def Error: File `TopOnehv.pdf' not found: using draft setting.


See the pdftex.def package documentation for explanation.
Type  H <return>  for immediate help.
 ...                                              
                                                  
l.21 	\includegraphics{TopOnehv.pdf}
                                    
Try typing  <return>  to proceed.
If that doesn't work, type  X <return>  to quit.


LaTeX Warning: File `bpwfg3hv.png' not found on input line 22.


! Package pdftex.def Error: File `bpwfg3hv.png' not found: using draft setting.


See the pdftex.def package documentation for explanation.
Type  H <return>  for immediate help.
 ...                                              
                                                  
l.22 	\includegraphics{bpwfg3hv.png}
                                    
Try typing  <return>  to proceed.
If that doesn't work, type  X <return>  to quit.


LaTeX Warning: File `gciNSGA2wfg2igdp.png' not found on input line 23.


! Package pdftex.def Error: File `gciNSGA2wfg2igdp.png' not found: using draft 
setting.

See the pdftex.def package documentation for explanation.
Type  H <return>  for immediate help.
 ...                                              
                                                  
l.23 	\includegraphics{gciNSGA2wfg2igdp.png}
                                            
Try typing  <return>  to proceed.
If that doesn't work, type  X <return>  to quit.


LaTeX Warning: File `gciSMSEMOAwfg4hv.png' not found on input line 24.


! Package pdftex.def Error: File `gciSMSEMOAwfg4hv.png' not found: using draft 
setting.

See the pdftex.def package documentation for explanation.
Type  H <return>  for immediate help.
 ...                                              
                                                  
l.24 	\includegraphics{gciSMSEMOAwfg4hv.png}
                                            
Try typing  <return>  to proceed.
If that doesn't work, type  X <return>  to quit.


LaTeX Warning: File `gciSMSEMOAwfg2igdp.png' not found on input line 25.


! Package pdftex.def Error: File `gciSMSEMOAwfg2igdp.png' not found: using draf
t setting.

See the pdftex.def package documentation for explanation.
Type  H <return>  for immediate help.
 ...                                              
                                                  
l.25 	\includegraphics{gciSMSEMOAwfg2igdp.png}
                                              
Try typing  <return>  to proceed.
If that doesn't work, type  X <return>  to quit.


LaTeX Warning: File `bpwfg2hv.png' not found on input line 26.


! Package pdftex.def Error: File `bpwfg2hv.png' not found: using draft setting.


See the pdftex.def package documentation for explanation.
Type  H <return>  for immediate help.
 ...                                              
                                                  
l.26 	\includegraphics{bpwfg2hv.png}
                                    
Try typing  <return>  to proceed.
If that doesn't work, type  X <return>  to quit.


LaTeX Warning: File `fpNSGA3wfg2hv.png' not found on input line 27.


! Package pdftex.def Error: File `fpNSGA3wfg2hv.png' not found: using draft set
ting.

See the pdftex.def package documentation for explanation.
Type  H <return>  for immediate help.
 ...                                              
                                                  
l.27 	\includegraphics{fpNSGA3wfg2hv.png}
                                         
Try typing  <return>  to proceed.
If that doesn't work, type  X <return>  to quit.


LaTeX Warning: File `gciNSGA2wfg1Tiempo.png' not found on input line 28.


! Package pdftex.def Error: File `gciNSGA2wfg1Tiempo.png' not found: using draf
t setting.

See the pdftex.def package documentation for explanation.
Type  H <return>  for immediate help.
 ...                                              
                                                  
l.28 	\includegraphics{gciNSGA2wfg1Tiempo.png}
                                              
Try typing  <return>  to proceed.
If that doesn't work, type  X <return>  to quit.


LaTeX Warning: File `fpSMSEMOAwfg1Tiempo.png' not found on input line 29.


! Package pdftex.def Error: File `fpSMSEMOAwfg1Tiempo.png' not found: using dra
ft setting.

See the pdftex.def package documentation for explanation.
Type  H <return>  for immediate help.
 ...                                              
                                                  
l.29 	\includegraphics{fpSMSEMOAwfg1Tiempo.png}
                                               
Try typing  <return>  to proceed.
If that doesn't work, type  X <return>  to quit.


LaTeX Warning: File `gciNSGA3wfg3igdp.png' not found on input line 30.


! Package pdftex.def Error: File `gciNSGA3wfg3igdp.png' not found: using draft 
setting.

See the pdftex.def package documentation for explanation.
Type  H <return>  for immediate help.
 ...                                              
                                                  
l.30 	\includegraphics{gciNSGA3wfg3igdp.png}
                                            
Try typing  <return>  to proceed.
If that doesn't work, type  X <return>  to quit.


LaTeX Warning: File `fpNSGA3wfg3hv.png' not found on input line 31.


! Package pdftex.def Error: File `fpNSGA3wfg3hv.png' not found: using draft set
ting.

See the pdftex.def package documentation for explanation.
Type  H <return>  for immediate help.
 ...                                              
                                                  
l.31 	\includegraphics{fpNSGA3wfg3hv.png}
                                         
Try typing  <return>  to proceed.
If that doesn't work, type  X <return>  to quit.


LaTeX Warning: File `gciMOEADwfg3igdp.png' not found on input line 32.


! Package pdftex.def Error: File `gciMOEADwfg3igdp.png' not found: using draft 
setting.

See the pdftex.def package documentation for explanation.
Type  H <return>  for immediate help.
 ...                                              
                                                  
l.32 	\includegraphics{gciMOEADwfg3igdp.png}
                                            
Try typing  <return>  to proceed.
If that doesn't work, type  X <return>  to quit.


LaTeX Warning: File `gcwfg3Tiempo.png' not found on input line 33.


! Package pdftex.def Error: File `gcwfg3Tiempo.png' not found: using draft sett
ing.

See the pdftex.def package documentation for explanation.
Type  H <return>  for immediate help.
 ...                                              
                                                  
l.33 	\includegraphics{gcwfg3Tiempo.png}
                                        
Try typing  <return>  to proceed.
If that doesn't work, type  X <return>  to quit.


LaTeX Warning: File `gciNSGA2wfg4igdp.png' not found on input line 34.


! Package pdftex.def Error: File `gciNSGA2wfg4igdp.png' not found: using draft 
setting.

See the pdftex.def package documentation for explanation.
Type  H <return>  for immediate help.
 ...                                              
                                                  
l.34 	\includegraphics{gciNSGA2wfg4igdp.png}
                                            
Try typing  <return>  to proceed.
If that doesn't work, type  X <return>  to quit.


LaTeX Warning: File `gciNSGA2wfg4Tiempo.png' not found on input line 35.


! Package pdftex.def Error: File `gciNSGA2wfg4Tiempo.png' not found: using draf
t setting.

See the pdftex.def package documentation for explanation.
Type  H <return>  for immediate help.
 ...                                              
                                                  
l.35 	\includegraphics{gciNSGA2wfg4Tiempo.png}
                                              
Try typing  <return>  to proceed.
If that doesn't work, type  X <return>  to quit.


LaTeX Warning: File `gcwfg3hv.png' not found on input line 36.


! Package pdftex.def Error: File `gcwfg3hv.png' not found: using draft setting.


See the pdftex.def package documentation for explanation.
Type  H <return>  for immediate help.
 ...                                              
                                                  
l.36 	\includegraphics{gcwfg3hv.png}
                                    
Try typing  <return>  to proceed.
If that doesn't work, type  X <return>  to quit.


LaTeX Warning: File `gciMOEADwfg3hv.png' not found on input line 37.


! Package pdftex.def Error: File `gciMOEADwfg3hv.png' not found: using draft se
tting.

See the pdftex.def package documentation for explanation.
Type  H <return>  for immediate help.
 ...                                              
                                                  
l.37 	\includegraphics{gciMOEADwfg3hv.png}
                                          
Try typing  <return>  to proceed.
If that doesn't work, type  X <return>  to quit.


LaTeX Warning: File `TopOneTiempo.pdf' not found on input line 38.


! Package pdftex.def Error: File `TopOneTiempo.pdf' not found: using draft sett
ing.

See the pdftex.def package documentation for explanation.
Type  H <return>  for immediate help.
 ...                                              
                                                  
l.38 	\includegraphics{TopOneTiempo.pdf}
                                        
Try typing  <return>  to proceed.
If that doesn't work, type  X <return>  to quit.


LaTeX Warning: File `gciNSGA3wfg2igdp.png' not found on input line 39.


! Package pdftex.def Error: File `gciNSGA3wfg2igdp.png' not found: using draft 
setting.

See the pdftex.def package documentation for explanation.
Type  H <return>  for immediate help.
 ...                                              
                                                  
l.39 	\includegraphics{gciNSGA3wfg2igdp.png}
                                            
Try typing  <return>  to proceed.
If that doesn't work, type  X <return>  to quit.


LaTeX Warning: File `fpNSGA3wfg1igdp.png' not found on input line 40.


! Package pdftex.def Error: File `fpNSGA3wfg1igdp.png' not found: using draft s
etting.

See the pdftex.def package documentation for explanation.
Type  H <return>  for immediate help.
 ...                                              
                                                  
l.40 	\includegraphics{fpNSGA3wfg1igdp.png}
                                           
Try typing  <return>  to proceed.
If that doesn't work, type  X <return>  to quit.


LaTeX Warning: File `fpSMSEMOAwfg4Tiempo.png' not found on input line 41.


! Package pdftex.def Error: File `fpSMSEMOAwfg4Tiempo.png' not found: using dra
ft setting.

See the pdftex.def package documentation for explanation.
Type  H <return>  for immediate help.
 ...                                              
                                                  
l.41 	\includegraphics{fpSMSEMOAwfg4Tiempo.png}
                                               
Try typing  <return>  to proceed.
If that doesn't work, type  X <return>  to quit.


LaTeX Warning: File `TopOneigdp.pdf' not found on input line 42.


! Package pdftex.def Error: File `TopOneigdp.pdf' not found: using draft settin
g.

See the pdftex.def package documentation for explanation.
Type  H <return>  for immediate help.
 ...                                              
                                                  
l.42 	\includegraphics{TopOneigdp.pdf}
                                      
Try typing  <return>  to proceed.
If that doesn't work, type  X <return>  to quit.


LaTeX Warning: File `gciNSGA2wfg1igdp.png' not found on input line 43.


! Package pdftex.def Error: File `gciNSGA2wfg1igdp.png' not found: using draft 
setting.

See the pdftex.def package documentation for explanation.
Type  H <return>  for immediate help.
 ...                                              
                                                  
l.43 	\includegraphics{gciNSGA2wfg1igdp.png}
                                            
Try typing  <return>  to proceed.
If that doesn't work, type  X <return>  to quit.


LaTeX Warning: File `fpMOEADwfg3igdp.png' not found on input line 44.


! Package pdftex.def Error: File `fpMOEADwfg3igdp.png' not found: using draft s
etting.

See the pdftex.def package documentation for explanation.
Type  H <return>  for immediate help.
 ...                                              
                                                  
l.44 	\includegraphics{fpMOEADwfg3igdp.png}
                                           
Try typing  <return>  to proceed.
If that doesn't work, type  X <return>  to quit.


LaTeX Warning: File `gciMOEADwfg2hv.png' not found on input line 45.


! Package pdftex.def Error: File `gciMOEADwfg2hv.png' not found: using draft se
tting.

See the pdftex.def package documentation for explanation.
Type  H <return>  for immediate help.
 ...                                              
                                                  
l.45 	\includegraphics{gciMOEADwfg2hv.png}
                                          
Try typing  <return>  to proceed.
If that doesn't work, type  X <return>  to quit.


LaTeX Warning: File `gciMOEADwfg4Tiempo.png' not found on input line 46.


! Package pdftex.def Error: File `gciMOEADwfg4Tiempo.png' not found: using draf
t setting.

See the pdftex.def package documentation for explanation.
Type  H <return>  for immediate help.
 ...                                              
                                                  
l.46 	\includegraphics{gciMOEADwfg4Tiempo.png}
                                              
Try typing  <return>  to proceed.
If that doesn't work, type  X <return>  to quit.


LaTeX Warning: File `bpwfg1Tiempo.png' not found on input line 47.


! Package pdftex.def Error: File `bpwfg1Tiempo.png' not found: using draft sett
ing.

See the pdftex.def package documentation for explanation.
Type  H <return>  for immediate help.
 ...                                              
                                                  
l.47 	\includegraphics{bpwfg1Tiempo.png}
                                        
Try typing  <return>  to proceed.
If that doesn't work, type  X <return>  to quit.


LaTeX Warning: File `gciNSGA3wfg3hv.png' not found on input line 48.


! Package pdftex.def Error: File `gciNSGA3wfg3hv.png' not found: using draft se
tting.

See the pdftex.def package documentation for explanation.
Type  H <return>  for immediate help.
 ...                                              
                                                  
l.48 	\includegraphics{gciNSGA3wfg3hv.png}
                                          
Try typing  <return>  to proceed.
If that doesn't work, type  X <return>  to quit.


LaTeX Warning: File `gcwfg4igdp.png' not found on input line 49.


! Package pdftex.def Error: File `gcwfg4igdp.png' not found: using draft settin
g.

See the pdftex.def package documentation for explanation.
Type  H <return>  for immediate help.
 ...                                              
                                                  
l.49 	\includegraphics{gcwfg4igdp.png}
                                      
Try typing  <return>  to proceed.
If that doesn't work, type  X <return>  to quit.


LaTeX Warning: File `gciSMSEMOAwfg2hv.png' not found on input line 50.


! Package pdftex.def Error: File `gciSMSEMOAwfg2hv.png' not found: using draft 
setting.

See the pdftex.def package documentation for explanation.
Type  H <return>  for immediate help.
 ...                                              
                                                  
l.50 	\includegraphics{gciSMSEMOAwfg2hv.png}
                                            
Try typing  <return>  to proceed.
If that doesn't work, type  X <return>  to quit.


LaTeX Warning: File `bpwfg2igdp.png' not found on input line 51.


! Package pdftex.def Error: File `bpwfg2igdp.png' not found: using draft settin
g.

See the pdftex.def package documentation for explanation.
Type  H <return>  for immediate help.
 ...                                              
                                                  
l.51 	\includegraphics{bpwfg2igdp.png}
                                      
Try typing  <return>  to proceed.
If that doesn't work, type  X <return>  to quit.


LaTeX Warning: File `fpMOEADwfg4Tiempo.png' not found on input line 52.


! Package pdftex.def Error: File `fpMOEADwfg4Tiempo.png' not found: using draft
 setting.

See the pdftex.def package documentation for explanation.
Type  H <return>  for immediate help.
 ...                                              
                                                  
l.52 	\includegraphics{fpMOEADwfg4Tiempo.png}
                                             
Try typing  <return>  to proceed.
If that doesn't work, type  X <return>  to quit.


LaTeX Warning: File `fpNSGA3wfg2Tiempo.png' not found on input line 53.


! Package pdftex.def Error: File `fpNSGA3wfg2Tiempo.png' not found: using draft
 setting.

See the pdftex.def package documentation for explanation.
Type  H <return>  for immediate help.
 ...                                              
                                                  
l.53 	\includegraphics{fpNSGA3wfg2Tiempo.png}
                                             
Try typing  <return>  to proceed.
If that doesn't work, type  X <return>  to quit.


LaTeX Warning: File `fpNSGA3wfg2igdp.png' not found on input line 54.


! Package pdftex.def Error: File `fpNSGA3wfg2igdp.png' not found: using draft s
etting.

See the pdftex.def package documentation for explanation.
Type  H <return>  for immediate help.
 ...                                              
                                                  
l.54 	\includegraphics{fpNSGA3wfg2igdp.png}
                                           
Try typing  <return>  to proceed.
If that doesn't work, type  X <return>  to quit.


LaTeX Warning: File `BetterThanSynthetic.pdf' not found on input line 55.


! Package pdftex.def Error: File `BetterThanSynthetic.pdf' not found: using dra
ft setting.

See the pdftex.def package documentation for explanation.
Type  H <return>  for immediate help.
 ...                                              
                                                  
l.55 	\includegraphics{BetterThanSynthetic.pdf}
                                               
Try typing  <return>  to proceed.
If that doesn't work, type  X <return>  to quit.


LaTeX Warning: File `bpwfg1hv.png' not found on input line 56.


! Package pdftex.def Error: File `bpwfg1hv.png' not found: using draft setting.


See the pdftex.def package documentation for explanation.
Type  H <return>  for immediate help.
 ...                                              
                                                  
l.56 	\includegraphics{bpwfg1hv.png}
                                    
Try typing  <return>  to proceed.
If that doesn't work, type  X <return>  to quit.


LaTeX Warning: File `bpwfg4Tiempo.png' not found on input line 57.


! Package pdftex.def Error: File `bpwfg4Tiempo.png' not found: using draft sett
ing.

See the pdftex.def package documentation for explanation.
Type  H <return>  for immediate help.
 ...                                              
                                                  
l.57 	\includegraphics{bpwfg4Tiempo.png}
                                        
Try typing  <return>  to proceed.
If that doesn't work, type  X <return>  to quit.


LaTeX Warning: File `gciMOEADwfg2igdp.png' not found on input line 58.


! Package pdftex.def Error: File `gciMOEADwfg2igdp.png' not found: using draft 
setting.

See the pdftex.def package documentation for explanation.
Type  H <return>  for immediate help.
 ...                                              
                                                  
l.58 	\includegraphics{gciMOEADwfg2igdp.png}
                                            
Try typing  <return>  to proceed.
If that doesn't work, type  X <return>  to quit.


LaTeX Warning: File `gciNSGA3wfg1igdp.png' not found on input line 59.


! Package pdftex.def Error: File `gciNSGA3wfg1igdp.png' not found: using draft 
setting.

See the pdftex.def package documentation for explanation.
Type  H <return>  for immediate help.
 ...                                              
                                                  
l.59 	\includegraphics{gciNSGA3wfg1igdp.png}
                                            
Try typing  <return>  to proceed.
If that doesn't work, type  X <return>  to quit.


LaTeX Warning: File `gciSMSEMOAwfg1Tiempo.png' not found on input line 60.


! Package pdftex.def Error: File `gciSMSEMOAwfg1Tiempo.png' not found: using dr
aft setting.

See the pdftex.def package documentation for explanation.
Type  H <return>  for immediate help.
 ...                                              
                                                  
l.60 	\includegraphics{gciSMSEMOAwfg1Tiempo.png}
                                                
Try typing  <return>  to proceed.
If that doesn't work, type  X <return>  to quit.


LaTeX Warning: File `gciSMSEMOAwfg2Tiempo.png' not found on input line 61.


! Package pdftex.def Error: File `gciSMSEMOAwfg2Tiempo.png' not found: using dr
aft setting.

See the pdftex.def package documentation for explanation.
Type  H <return>  for immediate help.
 ...                                              
                                                  
l.61 	\includegraphics{gciSMSEMOAwfg2Tiempo.png}
                                                
Try typing  <return>  to proceed.
If that doesn't work, type  X <return>  to quit.


LaTeX Warning: File `fpNSGA2wfg2Tiempo.png' not found on input line 62.


! Package pdftex.def Error: File `fpNSGA2wfg2Tiempo.png' not found: using draft
 setting.

See the pdftex.def package documentation for explanation.
Type  H <return>  for immediate help.
 ...                                              
                                                  
l.62 	\includegraphics{fpNSGA2wfg2Tiempo.png}
                                             
Try typing  <return>  to proceed.
If that doesn't work, type  X <return>  to quit.


LaTeX Warning: File `fpNSGA3wfg3Tiempo.png' not found on input line 63.


! Package pdftex.def Error: File `fpNSGA3wfg3Tiempo.png' not found: using draft
 setting.

See the pdftex.def package documentation for explanation.
Type  H <return>  for immediate help.
 ...                                              
                                                  
l.63 	\includegraphics{fpNSGA3wfg3Tiempo.png}
                                             
Try typing  <return>  to proceed.
If that doesn't work, type  X <return>  to quit.


LaTeX Warning: File `gciMOEADwfg4hv.png' not found on input line 64.


! Package pdftex.def Error: File `gciMOEADwfg4hv.png' not found: using draft se
tting.

See the pdftex.def package documentation for explanation.
Type  H <return>  for immediate help.
 ...                                              
                                                  
l.64 	\includegraphics{gciMOEADwfg4hv.png}
                                          
Try typing  <return>  to proceed.
If that doesn't work, type  X <return>  to quit.


LaTeX Warning: File `gcwfg1igdp.png' not found on input line 65.


! Package pdftex.def Error: File `gcwfg1igdp.png' not found: using draft settin
g.

See the pdftex.def package documentation for explanation.
Type  H <return>  for immediate help.
 ...                                              
                                                  
l.65 	\includegraphics{gcwfg1igdp.png}
                                      
Try typing  <return>  to proceed.
If that doesn't work, type  X <return>  to quit.


LaTeX Warning: File `gciNSGA2wfg1hv.png' not found on input line 66.


! Package pdftex.def Error: File `gciNSGA2wfg1hv.png' not found: using draft se
tting.

See the pdftex.def package documentation for explanation.
Type  H <return>  for immediate help.
 ...                                              
                                                  
l.66 	\includegraphics{gciNSGA2wfg1hv.png}
                                          
Try typing  <return>  to proceed.
If that doesn't work, type  X <return>  to quit.


LaTeX Warning: File `TopKSynthetic.pdf' not found on input line 67.


! Package pdftex.def Error: File `TopKSynthetic.pdf' not found: using draft set
ting.

See the pdftex.def package documentation for explanation.
Type  H <return>  for immediate help.
 ...                                              
                                                  
l.67 	\includegraphics{TopKSynthetic.pdf}
                                         
Try typing  <return>  to proceed.
If that doesn't work, type  X <return>  to quit.


LaTeX Warning: File `bpwfg3igdp.png' not found on input line 68.


! Package pdftex.def Error: File `bpwfg3igdp.png' not found: using draft settin
g.

See the pdftex.def package documentation for explanation.
Type  H <return>  for immediate help.
 ...                                              
                                                  
l.68 	\includegraphics{bpwfg3igdp.png}
                                      
Try typing  <return>  to proceed.
If that doesn't work, type  X <return>  to quit.


LaTeX Warning: File `fpMOEADwfg1hv.png' not found on input line 69.


! Package pdftex.def Error: File `fpMOEADwfg1hv.png' not found: using draft set
ting.

See the pdftex.def package documentation for explanation.
Type  H <return>  for immediate help.
 ...                                              
                                                  
l.69 	\includegraphics{fpMOEADwfg1hv.png}
                                         
Try typing  <return>  to proceed.
If that doesn't work, type  X <return>  to quit.


LaTeX Warning: File `gciNSGA3wfg4Tiempo.png' not found on input line 70.


! Package pdftex.def Error: File `gciNSGA3wfg4Tiempo.png' not found: using draf
t setting.

See the pdftex.def package documentation for explanation.
Type  H <return>  for immediate help.
 ...                                              
                                                  
l.70 	\includegraphics{gciNSGA3wfg4Tiempo.png}
                                              
Try typing  <return>  to proceed.
If that doesn't work, type  X <return>  to quit.


LaTeX Warning: File `gciNSGA2wfg4hv.png' not found on input line 71.


! Package pdftex.def Error: File `gciNSGA2wfg4hv.png' not found: using draft se
tting.

See the pdftex.def package documentation for explanation.
Type  H <return>  for immediate help.
 ...                                              
                                                  
l.71 	\includegraphics{gciNSGA2wfg4hv.png}
                                          
Try typing  <return>  to proceed.
If that doesn't work, type  X <return>  to quit.


LaTeX Warning: File `fpNSGA3wfg4Tiempo.png' not found on input line 72.


! Package pdftex.def Error: File `fpNSGA3wfg4Tiempo.png' not found: using draft
 setting.

See the pdftex.def package documentation for explanation.
Type  H <return>  for immediate help.
 ...                                              
                                                  
l.72 	\includegraphics{fpNSGA3wfg4Tiempo.png}
                                             
Try typing  <return>  to proceed.
If that doesn't work, type  X <return>  to quit.


LaTeX Warning: File `gciNSGA3wfg4igdp.png' not found on input line 73.


! Package pdftex.def Error: File `gciNSGA3wfg4igdp.png' not found: using draft 
setting.

See the pdftex.def package documentation for explanation.
Type  H <return>  for immediate help.
 ...                                              
                                                  
l.73 	\includegraphics{gciNSGA3wfg4igdp.png}
                                            
Try typing  <return>  to proceed.
If that doesn't work, type  X <return>  to quit.


LaTeX Warning: File `gciSMSEMOAwfg3igdp.png' not found on input line 74.


! Package pdftex.def Error: File `gciSMSEMOAwfg3igdp.png' not found: using draf
t setting.

See the pdftex.def package documentation for explanation.
Type  H <return>  for immediate help.
 ...                                              
                                                  
l.74 	\includegraphics{gciSMSEMOAwfg3igdp.png}
                                              
Try typing  <return>  to proceed.
If that doesn't work, type  X <return>  to quit.


LaTeX Warning: File `gciNSGA2wfg3igdp.png' not found on input line 75.


! Package pdftex.def Error: File `gciNSGA2wfg3igdp.png' not found: using draft 
setting.

See the pdftex.def package documentation for explanation.
Type  H <return>  for immediate help.
 ...                                              
                                                  
l.75 	\includegraphics{gciNSGA2wfg3igdp.png}
                                            
Try typing  <return>  to proceed.
If that doesn't work, type  X <return>  to quit.


LaTeX Warning: File `fpNSGA2wfg4igdp.png' not found on input line 76.


! Package pdftex.def Error: File `fpNSGA2wfg4igdp.png' not found: using draft s
etting.

See the pdftex.def package documentation for explanation.
Type  H <return>  for immediate help.
 ...                                              
                                                  
l.76 	\includegraphics{fpNSGA2wfg4igdp.png}
                                           
Try typing  <return>  to proceed.
If that doesn't work, type  X <return>  to quit.


LaTeX Warning: File `fpMOEADwfg1igdp.png' not found on input line 77.


! Package pdftex.def Error: File `fpMOEADwfg1igdp.png' not found: using draft s
etting.

See the pdftex.def package documentation for explanation.
Type  H <return>  for immediate help.
 ...                                              
                                                  
l.77 	\includegraphics{fpMOEADwfg1igdp.png}
                                           
Try typing  <return>  to proceed.
If that doesn't work, type  X <return>  to quit.


LaTeX Warning: File `fpNSGA2wfg4Tiempo.png' not found on input line 78.


! Package pdftex.def Error: File `fpNSGA2wfg4Tiempo.png' not found: using draft
 setting.

See the pdftex.def package documentation for explanation.
Type  H <return>  for immediate help.
 ...                                              
                                                  
l.78 	\includegraphics{fpNSGA2wfg4Tiempo.png}
                                             
Try typing  <return>  to proceed.
If that doesn't work, type  X <return>  to quit.


LaTeX Warning: File `gciMOEADwfg1hv.png' not found on input line 79.


! Package pdftex.def Error: File `gciMOEADwfg1hv.png' not found: using draft se
tting.

See the pdftex.def package documentation for explanation.
Type  H <return>  for immediate help.
 ...                                              
                                                  
l.79 	\includegraphics{gciMOEADwfg1hv.png}
                                          
Try typing  <return>  to proceed.
If that doesn't work, type  X <return>  to quit.


LaTeX Warning: File `fpNSGA2wfg2igdp.png' not found on input line 80.


! Package pdftex.def Error: File `fpNSGA2wfg2igdp.png' not found: using draft s
etting.

See the pdftex.def package documentation for explanation.
Type  H <return>  for immediate help.
 ...                                              
                                                  
l.80 	\includegraphics{fpNSGA2wfg2igdp.png}
                                           
Try typing  <return>  to proceed.
If that doesn't work, type  X <return>  to quit.


LaTeX Warning: File `gcwfg2igdp.png' not found on input line 81.


! Package pdftex.def Error: File `gcwfg2igdp.png' not found: using draft settin
g.

See the pdftex.def package documentation for explanation.
Type  H <return>  for immediate help.
 ...                                              
                                                  
l.81 	\includegraphics{gcwfg2igdp.png}
                                      
Try typing  <return>  to proceed.
If that doesn't work, type  X <return>  to quit.


LaTeX Warning: File `fpMOEADwfg4igdp.png' not found on input line 82.


! Package pdftex.def Error: File `fpMOEADwfg4igdp.png' not found: using draft s
etting.

See the pdftex.def package documentation for explanation.
Type  H <return>  for immediate help.
 ...                                              
                                                  
l.82 	\includegraphics{fpMOEADwfg4igdp.png}
                                           
Try typing  <return>  to proceed.
If that doesn't work, type  X <return>  to quit.


LaTeX Warning: File `bpwfg2Tiempo.png' not found on input line 83.


! Package pdftex.def Error: File `bpwfg2Tiempo.png' not found: using draft sett
ing.

See the pdftex.def package documentation for explanation.
Type  H <return>  for immediate help.
 ...                                              
                                                  
l.83 	\includegraphics{bpwfg2Tiempo.png}
                                        
Try typing  <return>  to proceed.
If that doesn't work, type  X <return>  to quit.


LaTeX Warning: File `fpSMSEMOAwfg4hv.png' not found on input line 84.


! Package pdftex.def Error: File `fpSMSEMOAwfg4hv.png' not found: using draft s
etting.

See the pdftex.def package documentation for explanation.
Type  H <return>  for immediate help.
 ...                                              
                                                  
l.84 	\includegraphics{fpSMSEMOAwfg4hv.png}
                                           
Try typing  <return>  to proceed.
If that doesn't work, type  X <return>  to quit.


LaTeX Warning: File `fpSMSEMOAwfg2Tiempo.png' not found on input line 85.


! Package pdftex.def Error: File `fpSMSEMOAwfg2Tiempo.png' not found: using dra
ft setting.

See the pdftex.def package documentation for explanation.
Type  H <return>  for immediate help.
 ...                                              
                                                  
l.85 	\includegraphics{fpSMSEMOAwfg2Tiempo.png}
                                               
Try typing  <return>  to proceed.
If that doesn't work, type  X <return>  to quit.


LaTeX Warning: File `gciNSGA3wfg2Tiempo.png' not found on input line 86.


! Package pdftex.def Error: File `gciNSGA3wfg2Tiempo.png' not found: using draf
t setting.

See the pdftex.def package documentation for explanation.
Type  H <return>  for immediate help.
 ...                                              
                                                  
l.86 	\includegraphics{gciNSGA3wfg2Tiempo.png}
                                              
Try typing  <return>  to proceed.
If that doesn't work, type  X <return>  to quit.


LaTeX Warning: File `gciNSGA3wfg1hv.png' not found on input line 87.


! Package pdftex.def Error: File `gciNSGA3wfg1hv.png' not found: using draft se
tting.

See the pdftex.def package documentation for explanation.
Type  H <return>  for immediate help.
 ...                                              
                                                  
l.87 	\includegraphics{gciNSGA3wfg1hv.png}
                                          
Try typing  <return>  to proceed.
If that doesn't work, type  X <return>  to quit.


LaTeX Warning: File `gciNSGA3wfg4hv.png' not found on input line 88.


! Package pdftex.def Error: File `gciNSGA3wfg4hv.png' not found: using draft se
tting.

See the pdftex.def package documentation for explanation.
Type  H <return>  for immediate help.
 ...                                              
                                                  
l.88 	\includegraphics{gciNSGA3wfg4hv.png}
                                          
Try typing  <return>  to proceed.
If that doesn't work, type  X <return>  to quit.


LaTeX Warning: File `gciSMSEMOAwfg3Tiempo.png' not found on input line 89.


! Package pdftex.def Error: File `gciSMSEMOAwfg3Tiempo.png' not found: using dr
aft setting.

See the pdftex.def package documentation for explanation.
Type  H <return>  for immediate help.
 ...                                              
                                                  
l.89 	\includegraphics{gciSMSEMOAwfg3Tiempo.png}
                                                
Try typing  <return>  to proceed.
If that doesn't work, type  X <return>  to quit.


LaTeX Warning: File `gciSMSEMOAwfg4igdp.png' not found on input line 90.


! Package pdftex.def Error: File `gciSMSEMOAwfg4igdp.png' not found: using draf
t setting.

See the pdftex.def package documentation for explanation.
Type  H <return>  for immediate help.
 ...                                              
                                                  
l.90 	\includegraphics{gciSMSEMOAwfg4igdp.png}
                                              
Try typing  <return>  to proceed.
If that doesn't work, type  X <return>  to quit.


LaTeX Warning: File `fpNSGA3wfg1Tiempo.png' not found on input line 91.


! Package pdftex.def Error: File `fpNSGA3wfg1Tiempo.png' not found: using draft
 setting.

See the pdftex.def package documentation for explanation.
Type  H <return>  for immediate help.
 ...                                              
                                                  
l.91 	\includegraphics{fpNSGA3wfg1Tiempo.png}
                                             
Try typing  <return>  to proceed.
If that doesn't work, type  X <return>  to quit.


LaTeX Warning: File `fpNSGA3wfg4hv.png' not found on input line 92.


! Package pdftex.def Error: File `fpNSGA3wfg4hv.png' not found: using draft set
ting.

See the pdftex.def package documentation for explanation.
Type  H <return>  for immediate help.
 ...                                              
                                                  
l.92 	\includegraphics{fpNSGA3wfg4hv.png}
                                         
Try typing  <return>  to proceed.
If that doesn't work, type  X <return>  to quit.


LaTeX Warning: File `fpNSGA3wfg4igdp.png' not found on input line 93.


! Package pdftex.def Error: File `fpNSGA3wfg4igdp.png' not found: using draft s
etting.

See the pdftex.def package documentation for explanation.
Type  H <return>  for immediate help.
 ...                                              
                                                  
l.93 	\includegraphics{fpNSGA3wfg4igdp.png}
                                           
Try typing  <return>  to proceed.
If that doesn't work, type  X <return>  to quit.


LaTeX Warning: File `fpNSGA2wfg1igdp.png' not found on input line 94.


! Package pdftex.def Error: File `fpNSGA2wfg1igdp.png' not found: using draft s
etting.

See the pdftex.def package documentation for explanation.
Type  H <return>  for immediate help.
 ...                                              
                                                  
l.94 	\includegraphics{fpNSGA2wfg1igdp.png}
                                           
Try typing  <return>  to proceed.
If that doesn't work, type  X <return>  to quit.


LaTeX Warning: File `fpSMSEMOAwfg2igdp.png' not found on input line 95.


! Package pdftex.def Error: File `fpSMSEMOAwfg2igdp.png' not found: using draft
 setting.

See the pdftex.def package documentation for explanation.
Type  H <return>  for immediate help.
 ...                                              
                                                  
l.95 	\includegraphics{fpSMSEMOAwfg2igdp.png}
                                             
Try typing  <return>  to proceed.
If that doesn't work, type  X <return>  to quit.


LaTeX Warning: File `gciNSGA2wfg3Tiempo.png' not found on input line 96.


! Package pdftex.def Error: File `gciNSGA2wfg3Tiempo.png' not found: using draf
t setting.

See the pdftex.def package documentation for explanation.
Type  H <return>  for immediate help.
 ...                                              
                                                  
l.96 	\includegraphics{gciNSGA2wfg3Tiempo.png}
                                              
Try typing  <return>  to proceed.
If that doesn't work, type  X <return>  to quit.


LaTeX Warning: File `fpMOEADwfg3hv.png' not found on input line 97.


! Package pdftex.def Error: File `fpMOEADwfg3hv.png' not found: using draft set
ting.

See the pdftex.def package documentation for explanation.
Type  H <return>  for immediate help.
 ...                                              
                                                  
l.97 	\includegraphics{fpMOEADwfg3hv.png}
                                         
Try typing  <return>  to proceed.
If that doesn't work, type  X <return>  to quit.


LaTeX Warning: File `gciMOEADwfg1igdp.png' not found on input line 98.


! Package pdftex.def Error: File `gciMOEADwfg1igdp.png' not found: using draft 
setting.

See the pdftex.def package documentation for explanation.
Type  H <return>  for immediate help.
 ...                                              
                                                  
l.98 	\includegraphics{gciMOEADwfg1igdp.png}
                                            
Try typing  <return>  to proceed.
If that doesn't work, type  X <return>  to quit.


LaTeX Warning: File `gcwfg1Tiempo.png' not found on input line 99.


! Package pdftex.def Error: File `gcwfg1Tiempo.png' not found: using draft sett
ing.

See the pdftex.def package documentation for explanation.
Type  H <return>  for immediate help.
 ...                                              
                                                  
l.99 	\includegraphics{gcwfg1Tiempo.png}
                                        
Try typing  <return>  to proceed.
If that doesn't work, type  X <return>  to quit.


LaTeX Warning: File `fpNSGA3wfg1hv.png' not found on input line 100.


! Package pdftex.def Error: File `fpNSGA3wfg1hv.png' not found: using draft set
ting.

See the pdftex.def package documentation for explanation.
Type  H <return>  for immediate help.
 ...                                              
                                                  
l.100 	\includegraphics{fpNSGA3wfg1hv.png}
                                          
Try typing  <return>  to proceed.
If that doesn't work, type  X <return>  to quit.


LaTeX Warning: File `fpNSGA2wfg1Tiempo.png' not found on input line 101.


! Package pdftex.def Error: File `fpNSGA2wfg1Tiempo.png' not found: using draft
 setting.

See the pdftex.def package documentation for explanation.
Type  H <return>  for immediate help.
 ...                                              
                                                  
l.101 	\includegraphics{fpNSGA2wfg1Tiempo.png}
                                              
Try typing  <return>  to proceed.
If that doesn't work, type  X <return>  to quit.


LaTeX Warning: File `gciNSGA2wfg2Tiempo.png' not found on input line 102.


! Package pdftex.def Error: File `gciNSGA2wfg2Tiempo.png' not found: using draf
t setting.

See the pdftex.def package documentation for explanation.
Type  H <return>  for immediate help.
 ...                                              
                                                  
l.102 	\includegraphics{gciNSGA2wfg2Tiempo.png}
                                               
Try typing  <return>  to proceed.
If that doesn't work, type  X <return>  to quit.


LaTeX Warning: File `fpNSGA2wfg4hv.png' not found on input line 103.


! Package pdftex.def Error: File `fpNSGA2wfg4hv.png' not found: using draft set
ting.

See the pdftex.def package documentation for explanation.
Type  H <return>  for immediate help.
 ...                                              
                                                  
l.103 	\includegraphics{fpNSGA2wfg4hv.png}
                                          
Try typing  <return>  to proceed.
If that doesn't work, type  X <return>  to quit.


LaTeX Warning: File `fpSMSEMOAwfg3igdp.png' not found on input line 104.


! Package pdftex.def Error: File `fpSMSEMOAwfg3igdp.png' not found: using draft
 setting.

See the pdftex.def package documentation for explanation.
Type  H <return>  for immediate help.
 ...                                              
                                                  
l.104 	\includegraphics{fpSMSEMOAwfg3igdp.png}
                                              
Try typing  <return>  to proceed.
If that doesn't work, type  X <return>  to quit.


LaTeX Warning: File `fpSMSEMOAwfg2hv.png' not found on input line 105.


! Package pdftex.def Error: File `fpSMSEMOAwfg2hv.png' not found: using draft s
etting.

See the pdftex.def package documentation for explanation.
Type  H <return>  for immediate help.
 ...                                              
                                                  
l.105 	\includegraphics{fpSMSEMOAwfg2hv.png}
                                            
Try typing  <return>  to proceed.
If that doesn't work, type  X <return>  to quit.


LaTeX Warning: File `gciNSGA2wfg2hv.png' not found on input line 106.


! Package pdftex.def Error: File `gciNSGA2wfg2hv.png' not found: using draft se
tting.

See the pdftex.def package documentation for explanation.
Type  H <return>  for immediate help.
 ...                                              
                                                  
l.106 	\includegraphics{gciNSGA2wfg2hv.png}
                                           
Try typing  <return>  to proceed.
If that doesn't work, type  X <return>  to quit.


LaTeX Warning: File `gciMOEADwfg3Tiempo.png' not found on input line 107.


! Package pdftex.def Error: File `gciMOEADwfg3Tiempo.png' not found: using draf
t setting.

See the pdftex.def package documentation for explanation.
Type  H <return>  for immediate help.
 ...                                              
                                                  
l.107 	\includegraphics{gciMOEADwfg3Tiempo.png}
                                               
Try typing  <return>  to proceed.
If that doesn't work, type  X <return>  to quit.


LaTeX Warning: File `fpMOEADwfg4hv.png' not found on input line 108.


! Package pdftex.def Error: File `fpMOEADwfg4hv.png' not found: using draft set
ting.

See the pdftex.def package documentation for explanation.
Type  H <return>  for immediate help.
 ...                                              
                                                  
l.108 	\includegraphics{fpMOEADwfg4hv.png}
                                          
Try typing  <return>  to proceed.
If that doesn't work, type  X <return>  to quit.


LaTeX Warning: File `gciSMSEMOAwfg3hv.png' not found on input line 109.


! Package pdftex.def Error: File `gciSMSEMOAwfg3hv.png' not found: using draft 
setting.

See the pdftex.def package documentation for explanation.
Type  H <return>  for immediate help.
 ...                                              
                                                  
l.109 	\includegraphics{gciSMSEMOAwfg3hv.png}
                                             
Try typing  <return>  to proceed.
If that doesn't work, type  X <return>  to quit.


LaTeX Warning: File `bpwfg3Tiempo.png' not found on input line 110.


! Package pdftex.def Error: File `bpwfg3Tiempo.png' not found: using draft sett
ing.

See the pdftex.def package documentation for explanation.
Type  H <return>  for immediate help.
 ...                                              
                                                  
l.110 	\includegraphics{bpwfg3Tiempo.png}
                                         
Try typing  <return>  to proceed.
If that doesn't work, type  X <return>  to quit.


LaTeX Warning: File `fpNSGA2wfg3igdp.png' not found on input line 111.


! Package pdftex.def Error: File `fpNSGA2wfg3igdp.png' not found: using draft s
etting.

See the pdftex.def package documentation for explanation.
Type  H <return>  for immediate help.
 ...                                              
                                                  
l.111 	\includegraphics{fpNSGA2wfg3igdp.png}
                                            
Try typing  <return>  to proceed.
If that doesn't work, type  X <return>  to quit.


LaTeX Warning: File `bpwfg4igdp.png' not found on input line 112.


! Package pdftex.def Error: File `bpwfg4igdp.png' not found: using draft settin
g.

See the pdftex.def package documentation for explanation.
Type  H <return>  for immediate help.
 ...                                              
                                                  
l.112 	\includegraphics{bpwfg4igdp.png}
                                       
Try typing  <return>  to proceed.
If that doesn't work, type  X <return>  to quit.


LaTeX Warning: File `fpSMSEMOAwfg4igdp.png' not found on input line 113.


! Package pdftex.def Error: File `fpSMSEMOAwfg4igdp.png' not found: using draft
 setting.

See the pdftex.def package documentation for explanation.
Type  H <return>  for immediate help.
 ...                                              
                                                  
l.113 	\includegraphics{fpSMSEMOAwfg4igdp.png}
                                              
Try typing  <return>  to proceed.
If that doesn't work, type  X <return>  to quit.


LaTeX Warning: File `gciSMSEMOAwfg4Tiempo.png' not found on input line 114.


! Package pdftex.def Error: File `gciSMSEMOAwfg4Tiempo.png' not found: using dr
aft setting.

See the pdftex.def package documentation for explanation.
Type  H <return>  for immediate help.
 ...                                              
                                                  
l.114 	\includegraphics{gciSMSEMOAwfg4Tiempo.png}
                                                 
Try typing  <return>  to proceed.
If that doesn't work, type  X <return>  to quit.


LaTeX Warning: File `fpMOEADwfg2hv.png' not found on input line 115.


! Package pdftex.def Error: File `fpMOEADwfg2hv.png' not found: using draft set
ting.

See the pdftex.def package documentation for explanation.
Type  H <return>  for immediate help.
 ...                                              
                                                  
l.115 	\includegraphics{fpMOEADwfg2hv.png}
                                          
Try typing  <return>  to proceed.
If that doesn't work, type  X <return>  to quit.


LaTeX Warning: File `gcwfg3igdp.png' not found on input line 116.


! Package pdftex.def Error: File `gcwfg3igdp.png' not found: using draft settin
g.

See the pdftex.def package documentation for explanation.
Type  H <return>  for immediate help.
 ...                                              
                                                  
l.116 	\includegraphics{gcwfg3igdp.png}
                                       
Try typing  <return>  to proceed.
If that doesn't work, type  X <return>  to quit.


LaTeX Warning: File `gciNSGA3wfg3Tiempo.png' not found on input line 117.


! Package pdftex.def Error: File `gciNSGA3wfg3Tiempo.png' not found: using draf
t setting.

See the pdftex.def package documentation for explanation.
Type  H <return>  for immediate help.
 ...                                              
                                                  
l.117 	\includegraphics{gciNSGA3wfg3Tiempo.png}
                                               
Try typing  <return>  to proceed.
If that doesn't work, type  X <return>  to quit.


LaTeX Warning: File `gciMOEADwfg4igdp.png' not found on input line 118.


! Package pdftex.def Error: File `gciMOEADwfg4igdp.png' not found: using draft 
setting.

See the pdftex.def package documentation for explanation.
Type  H <return>  for immediate help.
 ...                                              
                                                  
l.118 	\includegraphics{gciMOEADwfg4igdp.png}
                                             
Try typing  <return>  to proceed.
If that doesn't work, type  X <return>  to quit.


LaTeX Warning: File `gciNSGA2wfg3hv.png' not found on input line 119.


! Package pdftex.def Error: File `gciNSGA2wfg3hv.png' not found: using draft se
tting.

See the pdftex.def package documentation for explanation.
Type  H <return>  for immediate help.
 ...                                              
                                                  
l.119 	\includegraphics{gciNSGA2wfg3hv.png}
                                           
(That makes 100 errors; please try again.) 
Here is how much of TeX's memory you used:
 13345 strings out of 480247
 250155 string characters out of 5896152
 473524 words of memory out of 5000000
 31072 multiletter control sequences out of 15000+600000
 473136 words of font info for 42 fonts, out of 8000000 for 9000
 14 hyphenation exceptions out of 8191
 60i,7n,63p,241b,204s stack positions out of 5000i,500n,10000p,200000b,80000s

!  ==> Fatal error occurred, no output PDF file produced!
