This is pdfTeX, Version 3.141592653-2.6-1.40.22 (TeX Live 2022/dev/Debian) (preloaded format=pdflatex 2022.9.3)  30 MAR 2023 22:04
entering extended mode
 restricted \write18 enabled.
 %&-line parsing enabled.
**Resultados.tex
(./Resultados.tex
LaTeX2e <2021-11-15> patch level 1
L3 programming layer <2022-01-21>
(/usr/share/texlive/texmf-dist/tex/latex/base/article.cls
Document Class: article 2021/10/04 v1.4n Standard LaTeX document class
(/usr/share/texlive/texmf-dist/tex/latex/base/size10.clo
File: size10.clo 2021/10/04 v1.4n Standard LaTeX file (size option)
)
\c@part=\count185
\c@section=\count186
\c@subsection=\count187
\c@subsubsection=\count188
\c@paragraph=\count189
\c@subparagraph=\count190
\c@figure=\count191
\c@table=\count192
\abovecaptionskip=\skip47
\belowcaptionskip=\skip48
\bibindent=\dimen138
)
(/usr/share/texlive/texmf-dist/tex/generic/babel/babel.sty
Package: babel 2022/01/26 3.70 The Babel package
\babel@savecnt=\count193
\U@D=\dimen139
\l@unhyphenated=\language3

(/usr/share/texlive/texmf-dist/tex/generic/babel/txtbabel.def)
\bbl@readstream=\read2
\bbl@dirlevel=\count194

(/usr/share/texlive/texmf-dist/tex/generic/babel-english/english.ldf
Language: english 2017/06/06 v3.3r English support from the babel system
Package babel Info: Hyphen rules for 'british' set to \l@english
(babel)             (\language0). Reported on input line 82.
Package babel Info: Hyphen rules for 'UKenglish' set to \l@english
(babel)             (\language0). Reported on input line 83.
Package babel Info: Hyphen rules for 'canadian' set to \l@english
(babel)             (\language0). Reported on input line 102.
Package babel Info: Hyphen rules for 'australian' set to \l@english
(babel)             (\language0). Reported on input line 105.
Package babel Info: Hyphen rules for 'newzealand' set to \l@english
(babel)             (\language0). Reported on input line 108.
))
(/usr/share/texlive/texmf-dist/tex/latex/geometry/geometry.sty
Package: geometry 2020/01/02 v5.9 Page Geometry

(/usr/share/texlive/texmf-dist/tex/latex/graphics/keyval.sty
Package: keyval 2014/10/28 v1.15 key=value parser (DPC)
\KV@toks@=\toks16
)
(/usr/share/texlive/texmf-dist/tex/generic/iftex/ifvtex.sty
Package: ifvtex 2019/10/25 v1.7 ifvtex legacy package. Use iftex instead.

(/usr/share/texlive/texmf-dist/tex/generic/iftex/iftex.sty
Package: iftex 2020/03/06 v1.0d TeX engine tests
))
\Gm@cnth=\count195
\Gm@cntv=\count196
\c@Gm@tempcnt=\count197
\Gm@bindingoffset=\dimen140
\Gm@wd@mp=\dimen141
\Gm@odd@mp=\dimen142
\Gm@even@mp=\dimen143
\Gm@layoutwidth=\dimen144
\Gm@layoutheight=\dimen145
\Gm@layouthoffset=\dimen146
\Gm@layoutvoffset=\dimen147
\Gm@dimlist=\toks17
)
(/usr/share/texlive/texmf-dist/tex/latex/amsmath/amsmath.sty
Package: amsmath 2021/10/15 v2.17l AMS math features
\@mathmargin=\skip49

For additional information on amsmath, use the `?' option.
(/usr/share/texlive/texmf-dist/tex/latex/amsmath/amstext.sty
Package: amstext 2021/08/26 v2.01 AMS text

(/usr/share/texlive/texmf-dist/tex/latex/amsmath/amsgen.sty
File: amsgen.sty 1999/11/30 v2.0 generic functions
\@emptytoks=\toks18
\ex@=\dimen148
))
(/usr/share/texlive/texmf-dist/tex/latex/amsmath/amsbsy.sty
Package: amsbsy 1999/11/29 v1.2d Bold Symbols
\pmbraise@=\dimen149
)
(/usr/share/texlive/texmf-dist/tex/latex/amsmath/amsopn.sty
Package: amsopn 2021/08/26 v2.02 operator names
)
\inf@bad=\count198
LaTeX Info: Redefining \frac on input line 234.
\uproot@=\count199
\leftroot@=\count266
LaTeX Info: Redefining \overline on input line 399.
\classnum@=\count267
\DOTSCASE@=\count268
LaTeX Info: Redefining \ldots on input line 496.
LaTeX Info: Redefining \dots on input line 499.
LaTeX Info: Redefining \cdots on input line 620.
\Mathstrutbox@=\box50
\strutbox@=\box51
\big@size=\dimen150
LaTeX Font Info:    Redeclaring font encoding OML on input line 743.
LaTeX Font Info:    Redeclaring font encoding OMS on input line 744.
\macc@depth=\count269
\c@MaxMatrixCols=\count270
\dotsspace@=\muskip16
\c@parentequation=\count271
\dspbrk@lvl=\count272
\tag@help=\toks19
\row@=\count273
\column@=\count274
\maxfields@=\count275
\andhelp@=\toks20
\eqnshift@=\dimen151
\alignsep@=\dimen152
\tagshift@=\dimen153
\tagwidth@=\dimen154
\totwidth@=\dimen155
\lineht@=\dimen156
\@envbody=\toks21
\multlinegap=\skip50
\multlinetaggap=\skip51
\mathdisplay@stack=\toks22
LaTeX Info: Redefining \[ on input line 2938.
LaTeX Info: Redefining \] on input line 2939.
)
(/usr/share/texlive/texmf-dist/tex/latex/graphics/graphicx.sty
Package: graphicx 2021/09/16 v1.2d Enhanced LaTeX Graphics (DPC,SPQR)

(/usr/share/texlive/texmf-dist/tex/latex/graphics/graphics.sty
Package: graphics 2021/03/04 v1.4d Standard LaTeX Graphics (DPC,SPQR)

(/usr/share/texlive/texmf-dist/tex/latex/graphics/trig.sty
Package: trig 2021/08/11 v1.11 sin cos tan (DPC)
)
(/usr/share/texlive/texmf-dist/tex/latex/graphics-cfg/graphics.cfg
File: graphics.cfg 2016/06/04 v1.11 sample graphics configuration
)
Package graphics Info: Driver file: pdftex.def on input line 107.

(/usr/share/texlive/texmf-dist/tex/latex/graphics-def/pdftex.def
File: pdftex.def 2020/10/05 v1.2a Graphics/color driver for pdftex
))
\Gin@req@height=\dimen157
\Gin@req@width=\dimen158
)
(/usr/share/texlive/texmf-dist/tex/latex/caption/caption.sty
Package: caption 2020/10/26 v3.5g Customizing captions (AR)

(/usr/share/texlive/texmf-dist/tex/latex/caption/caption3.sty
Package: caption3 2020/10/21 v2.2e caption3 kernel (AR)
\captionmargin=\dimen159
\captionmargin@=\dimen160
\captionwidth=\dimen161
\caption@tempdima=\dimen162
\caption@indent=\dimen163
\caption@parindent=\dimen164
\caption@hangindent=\dimen165
Package caption Info: Standard document class detected.
)
\c@caption@flags=\count276
\c@continuedfloat=\count277
)
(/usr/share/texlive/texmf-dist/tex/latex/hyperref/hyperref.sty
Package: hyperref 2021-06-07 v7.00m Hypertext links for LaTeX

(/usr/share/texlive/texmf-dist/tex/generic/ltxcmds/ltxcmds.sty
Package: ltxcmds 2020-05-10 v1.25 LaTeX kernel commands for general use (HO)
)
(/usr/share/texlive/texmf-dist/tex/generic/pdftexcmds/pdftexcmds.sty
Package: pdftexcmds 2020-06-27 v0.33 Utility functions of pdfTeX for LuaTeX (HO
)

(/usr/share/texlive/texmf-dist/tex/generic/infwarerr/infwarerr.sty
Package: infwarerr 2019/12/03 v1.5 Providing info/warning/error messages (HO)
)
Package pdftexcmds Info: \pdf@primitive is available.
Package pdftexcmds Info: \pdf@ifprimitive is available.
Package pdftexcmds Info: \pdfdraftmode found.
)
(/usr/share/texlive/texmf-dist/tex/generic/kvsetkeys/kvsetkeys.sty
Package: kvsetkeys 2019/12/15 v1.18 Key value parser (HO)
)
(/usr/share/texlive/texmf-dist/tex/generic/kvdefinekeys/kvdefinekeys.sty
Package: kvdefinekeys 2019-12-19 v1.6 Define keys (HO)
)
(/usr/share/texlive/texmf-dist/tex/generic/pdfescape/pdfescape.sty
Package: pdfescape 2019/12/09 v1.15 Implements pdfTeX's escape features (HO)
)
(/usr/share/texlive/texmf-dist/tex/latex/hycolor/hycolor.sty
Package: hycolor 2020-01-27 v1.10 Color options for hyperref/bookmark (HO)
)
(/usr/share/texlive/texmf-dist/tex/latex/letltxmacro/letltxmacro.sty
Package: letltxmacro 2019/12/03 v1.6 Let assignment for LaTeX macros (HO)
)
(/usr/share/texlive/texmf-dist/tex/latex/auxhook/auxhook.sty
Package: auxhook 2019-12-17 v1.6 Hooks for auxiliary files (HO)
)
(/usr/share/texlive/texmf-dist/tex/latex/kvoptions/kvoptions.sty
Package: kvoptions 2020-10-07 v3.14 Key value format for package options (HO)
)
\@linkdim=\dimen166
\Hy@linkcounter=\count278
\Hy@pagecounter=\count279

(/usr/share/texlive/texmf-dist/tex/latex/hyperref/pd1enc.def
File: pd1enc.def 2021-06-07 v7.00m Hyperref: PDFDocEncoding definition (HO)
Now handling font encoding PD1 ...
... no UTF-8 mapping file for font encoding PD1
)
(/usr/share/texlive/texmf-dist/tex/latex/hyperref/hyperref-langpatches.def
File: hyperref-langpatches.def 2021-06-07 v7.00m Hyperref: patches for babel la
nguages
)
(/usr/share/texlive/texmf-dist/tex/generic/intcalc/intcalc.sty
Package: intcalc 2019/12/15 v1.3 Expandable calculations with integers (HO)
)
(/usr/share/texlive/texmf-dist/tex/generic/etexcmds/etexcmds.sty
Package: etexcmds 2019/12/15 v1.7 Avoid name clashes with e-TeX commands (HO)
)
\Hy@SavedSpaceFactor=\count280

(/usr/share/texlive/texmf-dist/tex/latex/hyperref/puenc.def
File: puenc.def 2021-06-07 v7.00m Hyperref: PDF Unicode definition (HO)
Now handling font encoding PU ...
... no UTF-8 mapping file for font encoding PU
)
Package hyperref Info: Option `colorlinks' set `true' on input line 4073.
Package hyperref Info: Hyper figures OFF on input line 4192.
Package hyperref Info: Link nesting OFF on input line 4197.
Package hyperref Info: Hyper index ON on input line 4200.
Package hyperref Info: Plain pages OFF on input line 4207.
Package hyperref Info: Backreferencing OFF on input line 4212.
Package hyperref Info: Implicit mode ON; LaTeX internals redefined.
Package hyperref Info: Bookmarks ON on input line 4445.
\c@Hy@tempcnt=\count281

(/usr/share/texlive/texmf-dist/tex/latex/url/url.sty
\Urlmuskip=\muskip17
Package: url 2013/09/16  ver 3.4  Verb mode for urls, etc.
)
LaTeX Info: Redefining \url on input line 4804.
\XeTeXLinkMargin=\dimen167

(/usr/share/texlive/texmf-dist/tex/generic/bitset/bitset.sty
Package: bitset 2019/12/09 v1.3 Handle bit-vector datatype (HO)

(/usr/share/texlive/texmf-dist/tex/generic/bigintcalc/bigintcalc.sty
Package: bigintcalc 2019/12/15 v1.5 Expandable calculations on big integers (HO
)
))
\Fld@menulength=\count282
\Field@Width=\dimen168
\Fld@charsize=\dimen169
Package hyperref Info: Hyper figures OFF on input line 6076.
Package hyperref Info: Link nesting OFF on input line 6081.
Package hyperref Info: Hyper index ON on input line 6084.
Package hyperref Info: backreferencing OFF on input line 6091.
Package hyperref Info: Link coloring ON on input line 6094.
Package hyperref Info: Link coloring with OCG OFF on input line 6101.
Package hyperref Info: PDF/A mode OFF on input line 6106.
LaTeX Info: Redefining \ref on input line 6146.
LaTeX Info: Redefining \pageref on input line 6150.

(/usr/share/texlive/texmf-dist/tex/latex/base/atbegshi-ltx.sty
Package: atbegshi-ltx 2021/01/10 v1.0c Emulation of the original atbegshi
package with kernel methods
)
\Hy@abspage=\count283
\c@Item=\count284
\c@Hfootnote=\count285
)
Package hyperref Info: Driver (autodetected): hpdftex.

(/usr/share/texlive/texmf-dist/tex/latex/hyperref/hpdftex.def
File: hpdftex.def 2021-06-07 v7.00m Hyperref driver for pdfTeX

(/usr/share/texlive/texmf-dist/tex/latex/base/atveryend-ltx.sty
Package: atveryend-ltx 2020/08/19 v1.0a Emulation of the original atveryend pac
kage
with kernel methods
)
\Fld@listcount=\count286
\c@bookmark@seq@number=\count287

(/usr/share/texlive/texmf-dist/tex/latex/rerunfilecheck/rerunfilecheck.sty
Package: rerunfilecheck 2019/12/05 v1.9 Rerun checks for auxiliary files (HO)

(/usr/share/texlive/texmf-dist/tex/generic/uniquecounter/uniquecounter.sty
Package: uniquecounter 2019/12/15 v1.4 Provide unlimited unique counter (HO)
)
Package uniquecounter Info: New unique counter `rerunfilecheck' on input line 2
86.
)
\Hy@SectionHShift=\skip52
)
(/usr/share/texlive/texmf-dist/tex/latex/l3backend/l3backend-pdftex.def
File: l3backend-pdftex.def 2022-01-12 L3 backend support: PDF output (pdfTeX)
\l__color_backend_stack_int=\count288
\l__pdf_internal_box=\box52
)
(./Resultados.aux)
\openout1 = `Resultados.aux'.

LaTeX Font Info:    Checking defaults for OML/cmm/m/it on input line 20.
LaTeX Font Info:    ... okay on input line 20.
LaTeX Font Info:    Checking defaults for OMS/cmsy/m/n on input line 20.
LaTeX Font Info:    ... okay on input line 20.
LaTeX Font Info:    Checking defaults for OT1/cmr/m/n on input line 20.
LaTeX Font Info:    ... okay on input line 20.
LaTeX Font Info:    Checking defaults for T1/cmr/m/n on input line 20.
LaTeX Font Info:    ... okay on input line 20.
LaTeX Font Info:    Checking defaults for TS1/cmr/m/n on input line 20.
LaTeX Font Info:    ... okay on input line 20.
LaTeX Font Info:    Checking defaults for OMX/cmex/m/n on input line 20.
LaTeX Font Info:    ... okay on input line 20.
LaTeX Font Info:    Checking defaults for U/cmr/m/n on input line 20.
LaTeX Font Info:    ... okay on input line 20.
LaTeX Font Info:    Checking defaults for PD1/pdf/m/n on input line 20.
LaTeX Font Info:    ... okay on input line 20.
LaTeX Font Info:    Checking defaults for PU/pdf/m/n on input line 20.
LaTeX Font Info:    ... okay on input line 20.

*geometry* driver: auto-detecting
*geometry* detected driver: pdftex
*geometry* verbose mode - [ preamble ] result:
* driver: pdftex
* paper: letterpaper
* layout: <same size as paper>
* layoutoffset:(h,v)=(0.0pt,0.0pt)
* modes: 
* h-part:(L,W,R)=(85.35826pt, 443.57848pt, 85.35826pt)
* v-part:(T,H,B)=(56.9055pt, 681.15898pt, 56.9055pt)
* \paperwidth=614.295pt
* \paperheight=794.96999pt
* \textwidth=443.57848pt
* \textheight=681.15898pt
* \oddsidemargin=13.08827pt
* \evensidemargin=13.08827pt
* \topmargin=-52.36449pt
* \headheight=12.0pt
* \headsep=25.0pt
* \topskip=10.0pt
* \footskip=30.0pt
* \marginparwidth=49.79231pt
* \marginparsep=11.0pt
* \columnsep=10.0pt
* \skip\footins=9.0pt plus 4.0pt minus 2.0pt
* \hoffset=0.0pt
* \voffset=0.0pt
* \mag=1000
* \@twocolumnfalse
* \@twosidefalse
* \@mparswitchfalse
* \@reversemarginfalse
* (1in=72.27pt=25.4mm, 1cm=28.453pt)

(/usr/share/texlive/texmf-dist/tex/context/base/mkii/supp-pdf.mkii
[Loading MPS to PDF converter (version 2006.09.02).]
\scratchcounter=\count289
\scratchdimen=\dimen170
\scratchbox=\box53
\nofMPsegments=\count290
\nofMParguments=\count291
\everyMPshowfont=\toks23
\MPscratchCnt=\count292
\MPscratchDim=\dimen171
\MPnumerator=\count293
\makeMPintoPDFobject=\count294
\everyMPtoPDFconversion=\toks24
) (/usr/share/texlive/texmf-dist/tex/latex/epstopdf-pkg/epstopdf-base.sty
Package: epstopdf-base 2020-01-24 v2.11 Base part for package epstopdf
Package epstopdf-base Info: Redefining graphics rule for `.eps' on input line 4
85.

(/usr/share/texlive/texmf-dist/tex/latex/latexconfig/epstopdf-sys.cfg
File: epstopdf-sys.cfg 2010/07/13 v1.3 Configuration of (r)epstopdf for TeX Liv
e
))
Package caption Info: Begin \AtBeginDocument code.
Package caption Info: hyperref package is loaded.
Package caption Info: End \AtBeginDocument code.

(/usr/share/texlive/texmf-dist/tex/latex/graphics/color.sty
Package: color 2021/12/07 v1.3c Standard LaTeX Color (DPC)

(/usr/share/texlive/texmf-dist/tex/latex/graphics-cfg/color.cfg
File: color.cfg 2016/01/02 v1.6 sample color configuration
)
Package color Info: Driver file: pdftex.def on input line 149.
)
Package hyperref Info: Link coloring ON on input line 20.

(/usr/share/texlive/texmf-dist/tex/latex/hyperref/nameref.sty
Package: nameref 2021-04-02 v2.47 Cross-referencing by name of section

(/usr/share/texlive/texmf-dist/tex/latex/refcount/refcount.sty
Package: refcount 2019/12/15 v3.6 Data extraction from label references (HO)
)
(/usr/share/texlive/texmf-dist/tex/generic/gettitlestring/gettitlestring.sty
Package: gettitlestring 2019/12/15 v1.6 Cleanup title references (HO)
)
\c@section@level=\count295
)
LaTeX Info: Redefining \ref on input line 20.
LaTeX Info: Redefining \pageref on input line 20.
LaTeX Info: Redefining \nameref on input line 20.

(./Resultados.out) (./Resultados.out)
\@outlinefile=\write3
\openout3 = `Resultados.out'.

<wfg3_hv_3_bp.png, id=4, 702.625pt x 501.875pt>
File: wfg3_hv_3_bp.png Graphic file (type png)
<use wfg3_hv_3_bp.png>
Package pdftex.def Info: wfg3_hv_3_bp.png  used on input line 25.
(pdftex.def)             Requested size: 133.07489pt x 95.05092pt.
<NSGA3_wfg3_igdp_3_fp.png, id=6, 373.395pt x 356.33125pt>
File: NSGA3_wfg3_igdp_3_fp.png Graphic file (type png)
<use NSGA3_wfg3_igdp_3_fp.png>
Package pdftex.def Info: NSGA3_wfg3_igdp_3_fp.png  used on input line 29.
(pdftex.def)             Requested size: 133.07489pt x 126.99054pt.
<NSGA3_wfg2_hv_3_fp.png, id=7, 373.395pt x 360.34625pt>
File: NSGA3_wfg2_hv_3_fp.png Graphic file (type png)
<use NSGA3_wfg2_hv_3_fp.png>
Package pdftex.def Info: NSGA3_wfg2_hv_3_fp.png  used on input line 33.
(pdftex.def)             Requested size: 133.07489pt x 128.42142pt.
 [1

{/var/lib/texmf/fonts/map/pdftex/updmap/pdftex.map} <./wfg3_hv_3_bp.png>] [2 <.
/NSGA3_wfg3_igdp_3_fp.png> <./NSGA3_wfg2_hv_3_fp.png>]
<MOEAD_wfg3_igdp_3_fp.png, id=26, 373.395pt x 355.3275pt>
File: MOEAD_wfg3_igdp_3_fp.png Graphic file (type png)
<use MOEAD_wfg3_igdp_3_fp.png>
Package pdftex.def Info: MOEAD_wfg3_igdp_3_fp.png  used on input line 38.
(pdftex.def)             Requested size: 133.07489pt x 126.63281pt.
<SMSEMOA_wfg1_Tiempo_3_fp.png, id=27, 374.39874pt x 353.32pt>
File: SMSEMOA_wfg1_Tiempo_3_fp.png Graphic file (type png)
<use SMSEMOA_wfg1_Tiempo_3_fp.png>
Package pdftex.def Info: SMSEMOA_wfg1_Tiempo_3_fp.png  used on input line 42.
(pdftex.def)             Requested size: 133.07489pt x 125.58311pt.
<wfg3_Tiempo_3_bp.png, id=28, 702.625pt x 501.875pt>
File: wfg3_Tiempo_3_bp.png Graphic file (type png)
<use wfg3_Tiempo_3_bp.png>
Package pdftex.def Info: wfg3_Tiempo_3_bp.png  used on input line 46.
(pdftex.def)             Requested size: 133.07489pt x 95.05092pt.
 [3 <./MOEAD_wfg3_igdp_3_fp.png> <./SMSEMOA_wfg1_Tiempo_3_fp.png> <./wfg3_Tiemp
o_3_bp.png>]
<NSGA2_wfg3_igdp_3_fp.png, id=39, 373.395pt x 355.3275pt>
File: NSGA2_wfg3_igdp_3_fp.png Graphic file (type png)
<use NSGA2_wfg3_igdp_3_fp.png>
Package pdftex.def Info: NSGA2_wfg3_igdp_3_fp.png  used on input line 51.
(pdftex.def)             Requested size: 133.07489pt x 126.63281pt.
<SMSEMOA_wfg1_hv_3_fp.png, id=40, 373.395pt x 355.3275pt>
File: SMSEMOA_wfg1_hv_3_fp.png Graphic file (type png)
<use SMSEMOA_wfg1_hv_3_fp.png>
Package pdftex.def Info: SMSEMOA_wfg1_hv_3_fp.png  used on input line 55.
(pdftex.def)             Requested size: 133.07489pt x 126.63281pt.
<wfg2_igdp_3_bp.png, id=41, 702.625pt x 501.875pt>
File: wfg2_igdp_3_bp.png Graphic file (type png)
<use wfg2_igdp_3_bp.png>
Package pdftex.def Info: wfg2_igdp_3_bp.png  used on input line 59.
(pdftex.def)             Requested size: 133.07489pt x 95.05092pt.
 [4 <./NSGA2_wfg3_igdp_3_fp.png> <./SMSEMOA_wfg1_hv_3_fp.png> <./wfg2_igdp_3_bp
.png>]
<NSGA3_wfg1_hv_3_fp.png, id=52, 375.4025pt x 360.34625pt>
File: NSGA3_wfg1_hv_3_fp.png Graphic file (type png)
<use NSGA3_wfg1_hv_3_fp.png>
Package pdftex.def Info: NSGA3_wfg1_hv_3_fp.png  used on input line 64.
(pdftex.def)             Requested size: 133.07489pt x 127.73961pt.
<NSGA2_wfg4_igdp_3_fp.png, id=53, 373.395pt x 355.3275pt>
File: NSGA2_wfg4_igdp_3_fp.png Graphic file (type png)
<use NSGA2_wfg4_igdp_3_fp.png>
Package pdftex.def Info: NSGA2_wfg4_igdp_3_fp.png  used on input line 68.
(pdftex.def)             Requested size: 133.07489pt x 126.63281pt.
<wfg3_hv_3_gc.png, id=54, 702.625pt x 501.875pt>
File: wfg3_hv_3_gc.png Graphic file (type png)
<use wfg3_hv_3_gc.png>
Package pdftex.def Info: wfg3_hv_3_gc.png  used on input line 72.
(pdftex.def)             Requested size: 133.07489pt x 95.05092pt.
 [5 <./NSGA3_wfg1_hv_3_fp.png> <./NSGA2_wfg4_igdp_3_fp.png> <./wfg3_hv_3_gc.png
>]
<wfg1_igdp_3_gc.png, id=65, 702.625pt x 501.875pt>
File: wfg1_igdp_3_gc.png Graphic file (type png)
<use wfg1_igdp_3_gc.png>
Package pdftex.def Info: wfg1_igdp_3_gc.png  used on input line 77.
(pdftex.def)             Requested size: 133.07489pt x 95.05092pt.
<SMSEMOA_wfg4_igdp_3_fp.png, id=66, 373.395pt x 355.3275pt>
File: SMSEMOA_wfg4_igdp_3_fp.png Graphic file (type png)
<use SMSEMOA_wfg4_igdp_3_fp.png>
Package pdftex.def Info: SMSEMOA_wfg4_igdp_3_fp.png  used on input line 81.
(pdftex.def)             Requested size: 133.07489pt x 126.63281pt.
<wfg2_hv_3_bp.png, id=67, 702.625pt x 501.875pt>
File: wfg2_hv_3_bp.png Graphic file (type png)
<use wfg2_hv_3_bp.png>
Package pdftex.def Info: wfg2_hv_3_bp.png  used on input line 85.
(pdftex.def)             Requested size: 133.07489pt x 95.05092pt.
 [6 <./wfg1_igdp_3_gc.png> <./SMSEMOA_wfg4_igdp_3_fp.png> <./wfg2_hv_3_bp.png>]
<wfg1_igdp_3_bp.png, id=78, 702.625pt x 501.875pt>
File: wfg1_igdp_3_bp.png Graphic file (type png)
<use wfg1_igdp_3_bp.png>
Package pdftex.def Info: wfg1_igdp_3_bp.png  used on input line 90.
(pdftex.def)             Requested size: 133.07489pt x 95.05092pt.
<NSGA2_wfg2_Tiempo_3_fp.png, id=79, 373.395pt x 356.33125pt>
File: NSGA2_wfg2_Tiempo_3_fp.png Graphic file (type png)
<use NSGA2_wfg2_Tiempo_3_fp.png>
Package pdftex.def Info: NSGA2_wfg2_Tiempo_3_fp.png  used on input line 94.
(pdftex.def)             Requested size: 133.07489pt x 126.99054pt.
<wfg2_hv_3_gc.png, id=80, 702.625pt x 501.875pt>
File: wfg2_hv_3_gc.png Graphic file (type png)
<use wfg2_hv_3_gc.png>
Package pdftex.def Info: wfg2_hv_3_gc.png  used on input line 98.
(pdftex.def)             Requested size: 133.07489pt x 95.05092pt.
 [7 <./wfg1_igdp_3_bp.png> <./NSGA2_wfg2_Tiempo_3_fp.png> <./wfg2_hv_3_gc.png>]
<wfg1_Tiempo_3_gc.png, id=92, 702.625pt x 501.875pt>
File: wfg1_Tiempo_3_gc.png Graphic file (type png)
<use wfg1_Tiempo_3_gc.png>
Package pdftex.def Info: wfg1_Tiempo_3_gc.png  used on input line 103.
(pdftex.def)             Requested size: 133.07489pt x 95.05092pt.
<NSGA3_wfg3_hv_3_fp.png, id=93, 373.395pt x 356.33125pt>
File: NSGA3_wfg3_hv_3_fp.png Graphic file (type png)
<use NSGA3_wfg3_hv_3_fp.png>
Package pdftex.def Info: NSGA3_wfg3_hv_3_fp.png  used on input line 107.
(pdftex.def)             Requested size: 133.07489pt x 126.99054pt.
<wfg3_igdp_3_bp.png, id=94, 702.625pt x 501.875pt>
File: wfg3_igdp_3_bp.png Graphic file (type png)
<use wfg3_igdp_3_bp.png>
Package pdftex.def Info: wfg3_igdp_3_bp.png  used on input line 111.
(pdftex.def)             Requested size: 133.07489pt x 95.05092pt.
 [8 <./wfg1_Tiempo_3_gc.png> <./NSGA3_wfg3_hv_3_fp.png> <./wfg3_igdp_3_bp.png>]
<NSGA2_wfg1_Tiempo_3_fp.png, id=105, 375.4025pt x 356.33125pt>
File: NSGA2_wfg1_Tiempo_3_fp.png Graphic file (type png)
<use NSGA2_wfg1_Tiempo_3_fp.png>
Package pdftex.def Info: NSGA2_wfg1_Tiempo_3_fp.png  used on input line 116.
(pdftex.def)             Requested size: 133.07489pt x 126.31633pt.
<NSGA3_wfg1_Tiempo_3_fp.png, id=106, 373.395pt x 360.34625pt>
File: NSGA3_wfg1_Tiempo_3_fp.png Graphic file (type png)
<use NSGA3_wfg1_Tiempo_3_fp.png>
Package pdftex.def Info: NSGA3_wfg1_Tiempo_3_fp.png  used on input line 120.
(pdftex.def)             Requested size: 133.07489pt x 128.42142pt.
<MOEAD_wfg3_hv_3_fp.png, id=107, 373.395pt x 355.3275pt>
File: MOEAD_wfg3_hv_3_fp.png Graphic file (type png)
<use MOEAD_wfg3_hv_3_fp.png>
Package pdftex.def Info: MOEAD_wfg3_hv_3_fp.png  used on input line 124.
(pdftex.def)             Requested size: 133.07489pt x 126.63281pt.
 [9 <./NSGA2_wfg1_Tiempo_3_fp.png> <./NSGA3_wfg1_Tiempo_3_fp.png> <./MOEAD_wfg3
_hv_3_fp.png>]
<wfg1_hv_3_gc.png, id=118, 702.625pt x 501.875pt>
File: wfg1_hv_3_gc.png Graphic file (type png)
<use wfg1_hv_3_gc.png>
Package pdftex.def Info: wfg1_hv_3_gc.png  used on input line 129.
(pdftex.def)             Requested size: 133.07489pt x 95.05092pt.
<NSGA2_wfg1_igdp_3_fp.png, id=119, 373.395pt x 356.33125pt>
File: NSGA2_wfg1_igdp_3_fp.png Graphic file (type png)
<use NSGA2_wfg1_igdp_3_fp.png>
Package pdftex.def Info: NSGA2_wfg1_igdp_3_fp.png  used on input line 133.
(pdftex.def)             Requested size: 133.07489pt x 126.99054pt.
<SMSEMOA_wfg3_Tiempo_3_fp.png, id=120, 373.395pt x 355.3275pt>
File: SMSEMOA_wfg3_Tiempo_3_fp.png Graphic file (type png)
<use SMSEMOA_wfg3_Tiempo_3_fp.png>
Package pdftex.def Info: SMSEMOA_wfg3_Tiempo_3_fp.png  used on input line 137.
(pdftex.def)             Requested size: 133.07489pt x 126.63281pt.
 [10 <./wfg1_hv_3_gc.png> <./NSGA2_wfg1_igdp_3_fp.png> <./SMSEMOA_wfg3_Tiempo_3
_fp.png>]
<wfg4_hv_3_bp.png, id=131, 702.625pt x 501.875pt>
File: wfg4_hv_3_bp.png Graphic file (type png)
<use wfg4_hv_3_bp.png>
Package pdftex.def Info: wfg4_hv_3_bp.png  used on input line 142.
(pdftex.def)             Requested size: 133.07489pt x 95.05092pt.
<wfg2_Tiempo_3_bp.png, id=132, 702.625pt x 501.875pt>
File: wfg2_Tiempo_3_bp.png Graphic file (type png)
<use wfg2_Tiempo_3_bp.png>
Package pdftex.def Info: wfg2_Tiempo_3_bp.png  used on input line 146.
(pdftex.def)             Requested size: 133.07489pt x 95.05092pt.
<SMSEMOA_wfg2_igdp_3_fp.png, id=133, 373.395pt x 356.33125pt>
File: SMSEMOA_wfg2_igdp_3_fp.png Graphic file (type png)
<use SMSEMOA_wfg2_igdp_3_fp.png>
Package pdftex.def Info: SMSEMOA_wfg2_igdp_3_fp.png  used on input line 150.
(pdftex.def)             Requested size: 133.07489pt x 126.99054pt.
 [11 <./wfg4_hv_3_bp.png> <./wfg2_Tiempo_3_bp.png> <./SMSEMOA_wfg2_igdp_3_fp.pn
g>]
<SMSEMOA_wfg3_hv_3_fp.png, id=144, 373.395pt x 356.33125pt>
File: SMSEMOA_wfg3_hv_3_fp.png Graphic file (type png)
<use SMSEMOA_wfg3_hv_3_fp.png>
Package pdftex.def Info: SMSEMOA_wfg3_hv_3_fp.png  used on input line 155.
(pdftex.def)             Requested size: 133.07489pt x 126.99054pt.
<NSGA2_wfg2_hv_3_fp.png, id=145, 373.395pt x 356.33125pt>
File: NSGA2_wfg2_hv_3_fp.png Graphic file (type png)
<use NSGA2_wfg2_hv_3_fp.png>
Package pdftex.def Info: NSGA2_wfg2_hv_3_fp.png  used on input line 159.
(pdftex.def)             Requested size: 133.07489pt x 126.99054pt.
<NSGA3_wfg4_Tiempo_3_fp.png, id=146, 373.395pt x 355.3275pt>
File: NSGA3_wfg4_Tiempo_3_fp.png Graphic file (type png)
<use NSGA3_wfg4_Tiempo_3_fp.png>
Package pdftex.def Info: NSGA3_wfg4_Tiempo_3_fp.png  used on input line 163.
(pdftex.def)             Requested size: 133.07489pt x 126.63281pt.
 [12 <./SMSEMOA_wfg3_hv_3_fp.png> <./NSGA2_wfg2_hv_3_fp.png> <./NSGA3_wfg4_Tiem
po_3_fp.png>]
<wfg2_igdp_3_gc.png, id=157, 702.625pt x 501.875pt>
File: wfg2_igdp_3_gc.png Graphic file (type png)
<use wfg2_igdp_3_gc.png>
Package pdftex.def Info: wfg2_igdp_3_gc.png  used on input line 168.
(pdftex.def)             Requested size: 133.07489pt x 95.05092pt.
<MOEAD_wfg2_hv_3_fp.png, id=158, 373.395pt x 354.32375pt>
File: MOEAD_wfg2_hv_3_fp.png Graphic file (type png)
<use MOEAD_wfg2_hv_3_fp.png>
Package pdftex.def Info: MOEAD_wfg2_hv_3_fp.png  used on input line 172.
(pdftex.def)             Requested size: 133.07489pt x 126.2751pt.
<SMSEMOA_wfg4_hv_3_fp.png, id=159, 373.395pt x 355.3275pt>
File: SMSEMOA_wfg4_hv_3_fp.png Graphic file (type png)
<use SMSEMOA_wfg4_hv_3_fp.png>
Package pdftex.def Info: SMSEMOA_wfg4_hv_3_fp.png  used on input line 176.
(pdftex.def)             Requested size: 133.07489pt x 126.63281pt.

[13 <./wfg2_igdp_3_gc.png> <./MOEAD_wfg2_hv_3_fp.png> <./SMSEMOA_wfg4_hv_3_fp.p
ng>]
<wfg4_igdp_3_gc.png, id=171, 702.625pt x 501.875pt>
File: wfg4_igdp_3_gc.png Graphic file (type png)
<use wfg4_igdp_3_gc.png>
Package pdftex.def Info: wfg4_igdp_3_gc.png  used on input line 181.
(pdftex.def)             Requested size: 133.07489pt x 95.05092pt.
<NSGA3_wfg1_igdp_3_fp.png, id=172, 373.395pt x 357.335pt>
File: NSGA3_wfg1_igdp_3_fp.png Graphic file (type png)
<use NSGA3_wfg1_igdp_3_fp.png>
Package pdftex.def Info: NSGA3_wfg1_igdp_3_fp.png  used on input line 185.
(pdftex.def)             Requested size: 133.07489pt x 127.34825pt.
<NSGA3_wfg4_igdp_3_fp.png, id=173, 373.395pt x 355.3275pt>
File: NSGA3_wfg4_igdp_3_fp.png Graphic file (type png)
<use NSGA3_wfg4_igdp_3_fp.png>
Package pdftex.def Info: NSGA3_wfg4_igdp_3_fp.png  used on input line 189.
(pdftex.def)             Requested size: 133.07489pt x 126.63281pt.
 [14 <./wfg4_igdp_3_gc.png> <./NSGA3_wfg1_igdp_3_fp.png> <./NSGA3_wfg4_igdp_3_f
p.png>]
<SMSEMOA_wfg3_igdp_3_fp.png, id=184, 373.395pt x 356.33125pt>
File: SMSEMOA_wfg3_igdp_3_fp.png Graphic file (type png)
<use SMSEMOA_wfg3_igdp_3_fp.png>
Package pdftex.def Info: SMSEMOA_wfg3_igdp_3_fp.png  used on input line 194.
(pdftex.def)             Requested size: 133.07489pt x 126.99054pt.
<MOEAD_wfg1_Tiempo_3_fp.png, id=185, 373.395pt x 360.34625pt>
File: MOEAD_wfg1_Tiempo_3_fp.png Graphic file (type png)
<use MOEAD_wfg1_Tiempo_3_fp.png>
Package pdftex.def Info: MOEAD_wfg1_Tiempo_3_fp.png  used on input line 198.
(pdftex.def)             Requested size: 133.07489pt x 128.42142pt.
<NSGA2_wfg3_Tiempo_3_fp.png, id=186, 373.395pt x 356.33125pt>
File: NSGA2_wfg3_Tiempo_3_fp.png Graphic file (type png)
<use NSGA2_wfg3_Tiempo_3_fp.png>
Package pdftex.def Info: NSGA2_wfg3_Tiempo_3_fp.png  used on input line 202.
(pdftex.def)             Requested size: 133.07489pt x 126.99054pt.
 [15 <./SMSEMOA_wfg3_igdp_3_fp.png> <./MOEAD_wfg1_Tiempo_3_fp.png> <./NSGA2_wfg
3_Tiempo_3_fp.png>]
<MOEAD_wfg1_hv_3_fp.png, id=197, 373.395pt x 357.335pt>
File: MOEAD_wfg1_hv_3_fp.png Graphic file (type png)
<use MOEAD_wfg1_hv_3_fp.png>
Package pdftex.def Info: MOEAD_wfg1_hv_3_fp.png  used on input line 207.
(pdftex.def)             Requested size: 133.07489pt x 127.34825pt.
<MOEAD_wfg3_Tiempo_3_fp.png, id=198, 373.395pt x 355.3275pt>
File: MOEAD_wfg3_Tiempo_3_fp.png Graphic file (type png)
<use MOEAD_wfg3_Tiempo_3_fp.png>
Package pdftex.def Info: MOEAD_wfg3_Tiempo_3_fp.png  used on input line 211.
(pdftex.def)             Requested size: 133.07489pt x 126.63281pt.
<MOEAD_wfg4_Tiempo_3_fp.png, id=199, 373.395pt x 355.3275pt>
File: MOEAD_wfg4_Tiempo_3_fp.png Graphic file (type png)
<use MOEAD_wfg4_Tiempo_3_fp.png>
Package pdftex.def Info: MOEAD_wfg4_Tiempo_3_fp.png  used on input line 215.
(pdftex.def)             Requested size: 133.07489pt x 126.63281pt.
 [16 <./MOEAD_wfg1_hv_3_fp.png> <./MOEAD_wfg3_Tiempo_3_fp.png> <./MOEAD_wfg4_Ti
empo_3_fp.png>]
<wfg4_hv_3_gc.png, id=210, 702.625pt x 501.875pt>
File: wfg4_hv_3_gc.png Graphic file (type png)
<use wfg4_hv_3_gc.png>
Package pdftex.def Info: wfg4_hv_3_gc.png  used on input line 220.
(pdftex.def)             Requested size: 133.07489pt x 95.05092pt.
<wfg4_Tiempo_3_bp.png, id=211, 702.625pt x 501.875pt>
File: wfg4_Tiempo_3_bp.png Graphic file (type png)
<use wfg4_Tiempo_3_bp.png>
Package pdftex.def Info: wfg4_Tiempo_3_bp.png  used on input line 224.
(pdftex.def)             Requested size: 133.07489pt x 95.05092pt.
<wfg1_hv_3_bp.png, id=212, 702.625pt x 501.875pt>
File: wfg1_hv_3_bp.png Graphic file (type png)
<use wfg1_hv_3_bp.png>
Package pdftex.def Info: wfg1_hv_3_bp.png  used on input line 228.
(pdftex.def)             Requested size: 133.07489pt x 95.05092pt.
 [17 <./wfg4_hv_3_gc.png> <./wfg4_Tiempo_3_bp.png> <./wfg1_hv_3_bp.png>]
<SMSEMOA_wfg4_Tiempo_3_fp.png, id=224, 373.395pt x 355.3275pt>
File: SMSEMOA_wfg4_Tiempo_3_fp.png Graphic file (type png)
<use SMSEMOA_wfg4_Tiempo_3_fp.png>
Package pdftex.def Info: SMSEMOA_wfg4_Tiempo_3_fp.png  used on input line 233.
(pdftex.def)             Requested size: 133.07489pt x 126.63281pt.
<MOEAD_wfg2_igdp_3_fp.png, id=225, 373.395pt x 359.3425pt>
File: MOEAD_wfg2_igdp_3_fp.png Graphic file (type png)
<use MOEAD_wfg2_igdp_3_fp.png>
Package pdftex.def Info: MOEAD_wfg2_igdp_3_fp.png  used on input line 237.
(pdftex.def)             Requested size: 133.07489pt x 128.06369pt.
<wfg3_igdp_3_gc.png, id=226, 702.625pt x 501.875pt>
File: wfg3_igdp_3_gc.png Graphic file (type png)
<use wfg3_igdp_3_gc.png>
Package pdftex.def Info: wfg3_igdp_3_gc.png  used on input line 241.
(pdftex.def)             Requested size: 133.07489pt x 95.05092pt.
 [18 <./SMSEMOA_wfg4_Tiempo_3_fp.png> <./MOEAD_wfg2_igdp_3_fp.png> <./wfg3_igdp
_3_gc.png>]
<MOEAD_wfg4_igdp_3_fp.png, id=237, 373.395pt x 355.3275pt>
File: MOEAD_wfg4_igdp_3_fp.png Graphic file (type png)
<use MOEAD_wfg4_igdp_3_fp.png>
Package pdftex.def Info: MOEAD_wfg4_igdp_3_fp.png  used on input line 246.
(pdftex.def)             Requested size: 133.07489pt x 126.63281pt.
<SMSEMOA_wfg2_hv_3_fp.png, id=238, 373.395pt x 356.33125pt>
File: SMSEMOA_wfg2_hv_3_fp.png Graphic file (type png)
<use SMSEMOA_wfg2_hv_3_fp.png>
Package pdftex.def Info: SMSEMOA_wfg2_hv_3_fp.png  used on input line 250.
(pdftex.def)             Requested size: 133.07489pt x 126.99054pt.
<MOEAD_wfg1_igdp_3_fp.png, id=239, 373.395pt x 357.335pt>
File: MOEAD_wfg1_igdp_3_fp.png Graphic file (type png)
<use MOEAD_wfg1_igdp_3_fp.png>
Package pdftex.def Info: MOEAD_wfg1_igdp_3_fp.png  used on input line 254.
(pdftex.def)             Requested size: 133.07489pt x 127.34825pt.
 [19 <./MOEAD_wfg4_igdp_3_fp.png> <./SMSEMOA_wfg2_hv_3_fp.png> <./MOEAD_wfg1_ig
dp_3_fp.png>]
<SMSEMOA_wfg2_Tiempo_3_fp.png, id=251, 373.395pt x 356.33125pt>
File: SMSEMOA_wfg2_Tiempo_3_fp.png Graphic file (type png)
<use SMSEMOA_wfg2_Tiempo_3_fp.png>
Package pdftex.def Info: SMSEMOA_wfg2_Tiempo_3_fp.png  used on input line 259.
(pdftex.def)             Requested size: 133.07489pt x 126.99054pt.
<wfg4_igdp_3_bp.png, id=252, 702.625pt x 501.875pt>
File: wfg4_igdp_3_bp.png Graphic file (type png)
<use wfg4_igdp_3_bp.png>
Package pdftex.def Info: wfg4_igdp_3_bp.png  used on input line 263.
(pdftex.def)             Requested size: 133.07489pt x 95.05092pt.
<NSGA3_wfg2_Tiempo_3_fp.png, id=253, 373.395pt x 357.335pt>
File: NSGA3_wfg2_Tiempo_3_fp.png Graphic file (type png)
<use NSGA3_wfg2_Tiempo_3_fp.png>
Package pdftex.def Info: NSGA3_wfg2_Tiempo_3_fp.png  used on input line 267.
(pdftex.def)             Requested size: 133.07489pt x 127.34825pt.
 [20 <./SMSEMOA_wfg2_Tiempo_3_fp.png> <./wfg4_igdp_3_bp.png> <./NSGA3_wfg2_Tiem
po_3_fp.png>]
<MOEAD_wfg4_hv_3_fp.png, id=264, 373.395pt x 355.3275pt>
File: MOEAD_wfg4_hv_3_fp.png Graphic file (type png)
<use MOEAD_wfg4_hv_3_fp.png>
Package pdftex.def Info: MOEAD_wfg4_hv_3_fp.png  used on input line 272.
(pdftex.def)             Requested size: 133.07489pt x 126.63281pt.
<NSGA3_wfg3_Tiempo_3_fp.png, id=265, 373.395pt x 357.335pt>
File: NSGA3_wfg3_Tiempo_3_fp.png Graphic file (type png)
<use NSGA3_wfg3_Tiempo_3_fp.png>
Package pdftex.def Info: NSGA3_wfg3_Tiempo_3_fp.png  used on input line 276.
(pdftex.def)             Requested size: 133.07489pt x 127.34825pt.
<NSGA3_wfg2_igdp_3_fp.png, id=266, 373.395pt x 357.335pt>
File: NSGA3_wfg2_igdp_3_fp.png Graphic file (type png)
<use NSGA3_wfg2_igdp_3_fp.png>
Package pdftex.def Info: NSGA3_wfg2_igdp_3_fp.png  used on input line 280.
(pdftex.def)             Requested size: 133.07489pt x 127.34825pt.

[21 <./MOEAD_wfg4_hv_3_fp.png> <./NSGA3_wfg3_Tiempo_3_fp.png> <./NSGA3_wfg2_igd
p_3_fp.png>]
<NSGA2_wfg2_igdp_3_fp.png, id=277, 373.395pt x 356.33125pt>
File: NSGA2_wfg2_igdp_3_fp.png Graphic file (type png)
<use NSGA2_wfg2_igdp_3_fp.png>
Package pdftex.def Info: NSGA2_wfg2_igdp_3_fp.png  used on input line 285.
(pdftex.def)             Requested size: 133.07489pt x 126.99054pt.
<wfg1_Tiempo_3_bp.png, id=278, 702.625pt x 501.875pt>
File: wfg1_Tiempo_3_bp.png Graphic file (type png)
<use wfg1_Tiempo_3_bp.png>
Package pdftex.def Info: wfg1_Tiempo_3_bp.png  used on input line 289.
(pdftex.def)             Requested size: 133.07489pt x 95.05092pt.
<NSGA3_wfg4_hv_3_fp.png, id=279, 373.395pt x 355.3275pt>
File: NSGA3_wfg4_hv_3_fp.png Graphic file (type png)
<use NSGA3_wfg4_hv_3_fp.png>
Package pdftex.def Info: NSGA3_wfg4_hv_3_fp.png  used on input line 293.
(pdftex.def)             Requested size: 133.07489pt x 126.63281pt.
 [22 <./NSGA2_wfg2_igdp_3_fp.png> <./wfg1_Tiempo_3_bp.png> <./NSGA3_wfg4_hv_3_f
p.png>]
<wfg2_Tiempo_3_gc.png, id=290, 702.625pt x 501.875pt>
File: wfg2_Tiempo_3_gc.png Graphic file (type png)
<use wfg2_Tiempo_3_gc.png>
Package pdftex.def Info: wfg2_Tiempo_3_gc.png  used on input line 298.
(pdftex.def)             Requested size: 133.07489pt x 95.05092pt.
<SMSEMOA_wfg1_igdp_3_fp.png, id=291, 373.395pt x 355.3275pt>
File: SMSEMOA_wfg1_igdp_3_fp.png Graphic file (type png)
<use SMSEMOA_wfg1_igdp_3_fp.png>
Package pdftex.def Info: SMSEMOA_wfg1_igdp_3_fp.png  used on input line 302.
(pdftex.def)             Requested size: 133.07489pt x 126.63281pt.
<MOEAD_wfg2_Tiempo_3_fp.png, id=292, 373.395pt x 356.33125pt>
File: MOEAD_wfg2_Tiempo_3_fp.png Graphic file (type png)
<use MOEAD_wfg2_Tiempo_3_fp.png>
Package pdftex.def Info: MOEAD_wfg2_Tiempo_3_fp.png  used on input line 306.
(pdftex.def)             Requested size: 133.07489pt x 126.99054pt.
 [23 <./wfg2_Tiempo_3_gc.png> <./SMSEMOA_wfg1_igdp_3_fp.png> <./MOEAD_wfg2_Tiem
po_3_fp.png>]
<NSGA2_wfg4_Tiempo_3_fp.png, id=303, 373.395pt x 355.3275pt>
File: NSGA2_wfg4_Tiempo_3_fp.png Graphic file (type png)
<use NSGA2_wfg4_Tiempo_3_fp.png>
Package pdftex.def Info: NSGA2_wfg4_Tiempo_3_fp.png  used on input line 311.
(pdftex.def)             Requested size: 133.07489pt x 126.63281pt.
<NSGA2_wfg4_hv_3_fp.png, id=304, 373.395pt x 355.3275pt>
File: NSGA2_wfg4_hv_3_fp.png Graphic file (type png)
<use NSGA2_wfg4_hv_3_fp.png>
Package pdftex.def Info: NSGA2_wfg4_hv_3_fp.png  used on input line 315.
(pdftex.def)             Requested size: 133.07489pt x 126.63281pt.
<NSGA2_wfg3_hv_3_fp.png, id=305, 373.395pt x 356.33125pt>
File: NSGA2_wfg3_hv_3_fp.png Graphic file (type png)
<use NSGA2_wfg3_hv_3_fp.png>
Package pdftex.def Info: NSGA2_wfg3_hv_3_fp.png  used on input line 319.
(pdftex.def)             Requested size: 133.07489pt x 126.99054pt.
 [24 <./NSGA2_wfg4_Tiempo_3_fp.png> <./NSGA2_wfg4_hv_3_fp.png> <./NSGA2_wfg3_hv
_3_fp.png>]
<wfg3_Tiempo_3_gc.png, id=316, 702.625pt x 501.875pt>
File: wfg3_Tiempo_3_gc.png Graphic file (type png)
<use wfg3_Tiempo_3_gc.png>
Package pdftex.def Info: wfg3_Tiempo_3_gc.png  used on input line 324.
(pdftex.def)             Requested size: 133.07489pt x 95.05092pt.
<wfg4_Tiempo_3_gc.png, id=317, 702.625pt x 501.875pt>
File: wfg4_Tiempo_3_gc.png Graphic file (type png)
<use wfg4_Tiempo_3_gc.png>
Package pdftex.def Info: wfg4_Tiempo_3_gc.png  used on input line 328.
(pdftex.def)             Requested size: 133.07489pt x 95.05092pt.
<NSGA2_wfg1_hv_3_fp.png, id=318, 373.395pt x 352.31625pt>
File: NSGA2_wfg1_hv_3_fp.png Graphic file (type png)
<use NSGA2_wfg1_hv_3_fp.png>
Package pdftex.def Info: NSGA2_wfg1_hv_3_fp.png  used on input line 332.
(pdftex.def)             Requested size: 133.07489pt x 125.55966pt.
 [25 <./wfg3_Tiempo_3_gc.png> <./wfg4_Tiempo_3_gc.png> <./NSGA2_wfg1_hv_3_fp.pn
g>] (./Resultados.aux)
Package rerunfilecheck Info: File `Resultados.out' has not changed.
(rerunfilecheck)             Checksum: D41D8CD98F00B204E9800998ECF8427E;0.
 ) 
Here is how much of TeX's memory you used:
 12068 strings out of 480247
 200890 string characters out of 5896152
 486299 words of memory out of 5000000
 29724 multiletter control sequences out of 15000+600000
 472968 words of font info for 41 fonts, out of 8000000 for 9000
 14 hyphenation exceptions out of 8191
 60i,7n,63p,280b,343s stack positions out of 5000i,500n,10000p,200000b,80000s
</usr/share/texlive/texmf-dist/fonts/type1/public/amsfonts/cm/cmr10.pfb></usr
/share/texlive/texmf-dist/fonts/type1/public/amsfonts/cm/cmr12.pfb></usr/share/
texlive/texmf-dist/fonts/type1/public/amsfonts/cm/cmr17.pfb>
Output written on Resultados.pdf (25 pages, 2375163 bytes).
PDF statistics:
 367 PDF objects out of 1000 (max. 8388607)
 188 compressed objects within 2 object streams
 98 named destinations out of 1000 (max. 500000)
 361 words of extra memory for PDF output out of 10000 (max. 10000000)

